{"C:\\Users\\jason\\WebstormProjects\\catographer\\drizzle.config.ts": {"path":"C:\\Users\\jason\\WebstormProjects\\catographer\\drizzle.config.ts","statementMap":{},"fnMap":{},"branchMap":{},"s":{},"f":{},"b":{}}
,"C:\\Users\\jason\\WebstormProjects\\catographer\\metro.config.js": {"path":"C:\\Users\\jason\\WebstormProjects\\catographer\\metro.config.js","statementMap":{"0":{"start":{"line":5,"column":29},"end":{"line":5,"column":57}},"1":{"start":{"line":7,"column":15},"end":{"line":10,"column":2}},"2":{"start":{"line":13,"column":24},"end":{"line":13,"column":56}},"3":{"start":{"line":14,"column":0},"end":{"line":18,"column":3}},"4":{"start":{"line":20,"column":0},"end":{"line":20,"column":39}},"5":{"start":{"line":21,"column":0},"end":{"line":21,"column":39}},"6":{"start":{"line":23,"column":0},"end":{"line":23,"column":24}}},"fnMap":{},"branchMap":{},"s":{"0":0,"1":0,"2":0,"3":0,"4":0,"5":0,"6":0},"f":{},"b":{}}
,"C:\\Users\\jason\\WebstormProjects\\catographer\\tamagui.config.ts": {"path":"C:\\Users\\jason\\WebstormProjects\\catographer\\tamagui.config.ts","statementMap":{"0":{"start":{"line":5,"column":22},"end":{"line":5,"column":70}}},"fnMap":{},"branchMap":{},"s":{"0":0},"f":{},"b":{}}
,"C:\\Users\\jason\\WebstormProjects\\catographer\\theme-builder.ts": {"path":"C:\\Users\\jason\\WebstormProjects\\catographer\\theme-builder.ts","statementMap":{"0":{"start":{"line":4,"column":17},"end":{"line":101,"column":1}},"1":{"start":{"line":102,"column":18},"end":{"line":321,"column":1}},"2":{"start":{"line":323,"column":22},"end":{"line":359,"column":9}}},"fnMap":{},"branchMap":{"0":{"loc":{"start":{"line":337,"column":2},"end":{"line":352,"column":7}},"type":"cond-expr","locations":[{"start":{"line":338,"column":5},"end":{"line":351,"column":5}},{"start":{"line":352,"column":5},"end":{"line":352,"column":7}}],"line":337}},"s":{"0":0,"1":0,"2":0},"f":{},"b":{"0":[0,0]}}
,"C:\\Users\\jason\\WebstormProjects\\catographer\\theme-output.ts": {"path":"C:\\Users\\jason\\WebstormProjects\\catographer\\theme-output.ts","statementMap":{"0":{"start":{"line":42,"column":37},"end":{"line":42,"column":39}},"1":{"start":{"line":43,"column":1},"end":{"line":45,"column":2}},"2":{"start":{"line":44,"column":2},"end":{"line":44,"column":43}},"3":{"start":{"line":46,"column":1},"end":{"line":46,"column":21}},"4":{"start":{"line":48,"column":11},"end":{"line":122,"column":1}},"5":{"start":{"line":124,"column":11},"end":{"line":162,"column":1}},"6":{"start":{"line":164,"column":11},"end":{"line":202,"column":2}},"7":{"start":{"line":204,"column":21},"end":{"line":204,"column":23}},"8":{"start":{"line":205,"column":11},"end":{"line":243,"column":2}},"9":{"start":{"line":245,"column":20},"end":{"line":245,"column":22}},"10":{"start":{"line":246,"column":11},"end":{"line":284,"column":2}},"11":{"start":{"line":286,"column":28},"end":{"line":286,"column":30}},"12":{"start":{"line":287,"column":11},"end":{"line":325,"column":2}},"13":{"start":{"line":327,"column":27},"end":{"line":327,"column":29}},"14":{"start":{"line":328,"column":11},"end":{"line":333,"column":2}},"15":{"start":{"line":335,"column":26},"end":{"line":335,"column":28}},"16":{"start":{"line":336,"column":11},"end":{"line":341,"column":2}},"17":{"start":{"line":343,"column":26},"end":{"line":343,"column":28}},"18":{"start":{"line":344,"column":11},"end":{"line":353,"column":2}},"19":{"start":{"line":355,"column":28},"end":{"line":355,"column":30}},"20":{"start":{"line":356,"column":30},"end":{"line":356,"column":32}},"21":{"start":{"line":357,"column":28},"end":{"line":357,"column":30}},"22":{"start":{"line":358,"column":39},"end":{"line":358,"column":41}},"23":{"start":{"line":359,"column":11},"end":{"line":368,"column":2}},"24":{"start":{"line":370,"column":30},"end":{"line":370,"column":32}},"25":{"start":{"line":371,"column":30},"end":{"line":371,"column":32}},"26":{"start":{"line":372,"column":35},"end":{"line":372,"column":37}},"27":{"start":{"line":373,"column":26},"end":{"line":373,"column":28}},"28":{"start":{"line":374,"column":30},"end":{"line":374,"column":32}},"29":{"start":{"line":375,"column":34},"end":{"line":375,"column":36}},"30":{"start":{"line":376,"column":33},"end":{"line":376,"column":35}},"31":{"start":{"line":377,"column":27},"end":{"line":377,"column":29}},"32":{"start":{"line":378,"column":30},"end":{"line":378,"column":32}},"33":{"start":{"line":379,"column":11},"end":{"line":388,"column":2}},"34":{"start":{"line":390,"column":30},"end":{"line":390,"column":32}},"35":{"start":{"line":391,"column":30},"end":{"line":391,"column":32}},"36":{"start":{"line":392,"column":28},"end":{"line":392,"column":30}},"37":{"start":{"line":393,"column":36},"end":{"line":393,"column":38}},"38":{"start":{"line":394,"column":36},"end":{"line":394,"column":38}},"39":{"start":{"line":395,"column":12},"end":{"line":404,"column":2}},"40":{"start":{"line":406,"column":30},"end":{"line":406,"column":33}},"41":{"start":{"line":407,"column":12},"end":{"line":412,"column":2}},"42":{"start":{"line":414,"column":25},"end":{"line":414,"column":28}},"43":{"start":{"line":415,"column":12},"end":{"line":420,"column":2}},"44":{"start":{"line":422,"column":25},"end":{"line":422,"column":28}},"45":{"start":{"line":423,"column":12},"end":{"line":432,"column":2}},"46":{"start":{"line":434,"column":27},"end":{"line":434,"column":30}},"47":{"start":{"line":435,"column":29},"end":{"line":435,"column":32}},"48":{"start":{"line":436,"column":27},"end":{"line":436,"column":30}},"49":{"start":{"line":437,"column":38},"end":{"line":437,"column":41}},"50":{"start":{"line":438,"column":12},"end":{"line":447,"column":2}},"51":{"start":{"line":449,"column":29},"end":{"line":449,"column":32}},"52":{"start":{"line":450,"column":29},"end":{"line":450,"column":32}},"53":{"start":{"line":451,"column":34},"end":{"line":451,"column":37}},"54":{"start":{"line":452,"column":25},"end":{"line":452,"column":28}},"55":{"start":{"line":453,"column":29},"end":{"line":453,"column":32}},"56":{"start":{"line":454,"column":33},"end":{"line":454,"column":36}},"57":{"start":{"line":455,"column":32},"end":{"line":455,"column":35}},"58":{"start":{"line":456,"column":26},"end":{"line":456,"column":29}},"59":{"start":{"line":457,"column":29},"end":{"line":457,"column":32}},"60":{"start":{"line":458,"column":12},"end":{"line":467,"column":2}},"61":{"start":{"line":469,"column":29},"end":{"line":469,"column":32}},"62":{"start":{"line":470,"column":29},"end":{"line":470,"column":32}},"63":{"start":{"line":471,"column":27},"end":{"line":471,"column":30}},"64":{"start":{"line":472,"column":35},"end":{"line":472,"column":38}},"65":{"start":{"line":473,"column":35},"end":{"line":473,"column":38}},"66":{"start":{"line":474,"column":12},"end":{"line":483,"column":2}},"67":{"start":{"line":485,"column":29},"end":{"line":485,"column":32}},"68":{"start":{"line":486,"column":12},"end":{"line":491,"column":2}},"69":{"start":{"line":493,"column":33},"end":{"line":493,"column":36}},"70":{"start":{"line":494,"column":12},"end":{"line":499,"column":2}},"71":{"start":{"line":501,"column":33},"end":{"line":501,"column":36}},"72":{"start":{"line":502,"column":12},"end":{"line":511,"column":2}},"73":{"start":{"line":513,"column":35},"end":{"line":513,"column":38}},"74":{"start":{"line":514,"column":37},"end":{"line":514,"column":40}},"75":{"start":{"line":515,"column":35},"end":{"line":515,"column":38}},"76":{"start":{"line":516,"column":46},"end":{"line":516,"column":49}},"77":{"start":{"line":517,"column":12},"end":{"line":526,"column":2}},"78":{"start":{"line":528,"column":37},"end":{"line":528,"column":40}},"79":{"start":{"line":529,"column":37},"end":{"line":529,"column":40}},"80":{"start":{"line":530,"column":42},"end":{"line":530,"column":45}},"81":{"start":{"line":531,"column":33},"end":{"line":531,"column":36}},"82":{"start":{"line":532,"column":37},"end":{"line":532,"column":40}},"83":{"start":{"line":533,"column":41},"end":{"line":533,"column":44}},"84":{"start":{"line":534,"column":40},"end":{"line":534,"column":43}},"85":{"start":{"line":535,"column":34},"end":{"line":535,"column":37}},"86":{"start":{"line":536,"column":37},"end":{"line":536,"column":40}},"87":{"start":{"line":537,"column":12},"end":{"line":546,"column":2}},"88":{"start":{"line":548,"column":37},"end":{"line":548,"column":40}},"89":{"start":{"line":549,"column":37},"end":{"line":549,"column":40}},"90":{"start":{"line":550,"column":35},"end":{"line":550,"column":38}},"91":{"start":{"line":551,"column":43},"end":{"line":551,"column":46}},"92":{"start":{"line":552,"column":43},"end":{"line":552,"column":46}},"93":{"start":{"line":553,"column":12},"end":{"line":562,"column":2}},"94":{"start":{"line":564,"column":37},"end":{"line":564,"column":40}},"95":{"start":{"line":565,"column":12},"end":{"line":570,"column":2}},"96":{"start":{"line":572,"column":32},"end":{"line":572,"column":35}},"97":{"start":{"line":573,"column":12},"end":{"line":578,"column":2}},"98":{"start":{"line":580,"column":32},"end":{"line":580,"column":35}},"99":{"start":{"line":581,"column":12},"end":{"line":590,"column":2}},"100":{"start":{"line":592,"column":34},"end":{"line":592,"column":37}},"101":{"start":{"line":593,"column":36},"end":{"line":593,"column":39}},"102":{"start":{"line":594,"column":34},"end":{"line":594,"column":37}},"103":{"start":{"line":595,"column":45},"end":{"line":595,"column":48}},"104":{"start":{"line":596,"column":12},"end":{"line":605,"column":2}},"105":{"start":{"line":607,"column":36},"end":{"line":607,"column":39}},"106":{"start":{"line":608,"column":36},"end":{"line":608,"column":39}},"107":{"start":{"line":609,"column":41},"end":{"line":609,"column":44}},"108":{"start":{"line":610,"column":32},"end":{"line":610,"column":35}},"109":{"start":{"line":611,"column":36},"end":{"line":611,"column":39}},"110":{"start":{"line":612,"column":40},"end":{"line":612,"column":43}},"111":{"start":{"line":613,"column":39},"end":{"line":613,"column":42}},"112":{"start":{"line":614,"column":33},"end":{"line":614,"column":36}},"113":{"start":{"line":615,"column":36},"end":{"line":615,"column":39}},"114":{"start":{"line":616,"column":12},"end":{"line":625,"column":2}},"115":{"start":{"line":627,"column":36},"end":{"line":627,"column":39}},"116":{"start":{"line":628,"column":36},"end":{"line":628,"column":39}},"117":{"start":{"line":629,"column":34},"end":{"line":629,"column":37}},"118":{"start":{"line":630,"column":42},"end":{"line":630,"column":45}},"119":{"start":{"line":631,"column":42},"end":{"line":631,"column":45}},"120":{"start":{"line":632,"column":12},"end":{"line":641,"column":2}},"121":{"start":{"line":643,"column":36},"end":{"line":643,"column":39}},"122":{"start":{"line":644,"column":12},"end":{"line":657,"column":2}},"123":{"start":{"line":659,"column":33},"end":{"line":659,"column":36}},"124":{"start":{"line":660,"column":33},"end":{"line":660,"column":36}},"125":{"start":{"line":661,"column":29},"end":{"line":661,"column":32}},"126":{"start":{"line":662,"column":39},"end":{"line":662,"column":42}},"127":{"start":{"line":663,"column":12},"end":{"line":663,"column":25}},"128":{"start":{"line":665,"column":34},"end":{"line":665,"column":37}},"129":{"start":{"line":666,"column":35},"end":{"line":666,"column":38}},"130":{"start":{"line":667,"column":34},"end":{"line":667,"column":37}},"131":{"start":{"line":668,"column":41},"end":{"line":668,"column":44}},"132":{"start":{"line":669,"column":42},"end":{"line":669,"column":45}},"133":{"start":{"line":670,"column":41},"end":{"line":670,"column":44}},"134":{"start":{"line":671,"column":12},"end":{"line":684,"column":2}},"135":{"start":{"line":686,"column":32},"end":{"line":686,"column":35}},"136":{"start":{"line":687,"column":32},"end":{"line":687,"column":35}},"137":{"start":{"line":688,"column":28},"end":{"line":688,"column":31}},"138":{"start":{"line":689,"column":38},"end":{"line":689,"column":41}},"139":{"start":{"line":690,"column":12},"end":{"line":690,"column":25}},"140":{"start":{"line":692,"column":33},"end":{"line":692,"column":36}},"141":{"start":{"line":693,"column":34},"end":{"line":693,"column":37}},"142":{"start":{"line":694,"column":33},"end":{"line":694,"column":36}},"143":{"start":{"line":695,"column":40},"end":{"line":695,"column":43}},"144":{"start":{"line":696,"column":41},"end":{"line":696,"column":44}},"145":{"start":{"line":697,"column":40},"end":{"line":697,"column":43}},"146":{"start":{"line":698,"column":12},"end":{"line":711,"column":2}},"147":{"start":{"line":713,"column":40},"end":{"line":713,"column":43}},"148":{"start":{"line":714,"column":40},"end":{"line":714,"column":43}},"149":{"start":{"line":715,"column":36},"end":{"line":715,"column":39}},"150":{"start":{"line":716,"column":46},"end":{"line":716,"column":49}},"151":{"start":{"line":717,"column":12},"end":{"line":730,"column":2}},"152":{"start":{"line":732,"column":39},"end":{"line":732,"column":42}},"153":{"start":{"line":733,"column":39},"end":{"line":733,"column":42}},"154":{"start":{"line":734,"column":35},"end":{"line":734,"column":38}},"155":{"start":{"line":735,"column":45},"end":{"line":735,"column":48}}},"fnMap":{"0":{"name":"t","decl":{"start":{"line":41,"column":9},"end":{"line":41,"column":10}},"loc":{"start":{"line":41,"column":34},"end":{"line":47,"column":1}},"line":41}},"branchMap":{},"s":{"0":0,"1":0,"2":0,"3":0,"4":0,"5":0,"6":0,"7":0,"8":0,"9":0,"10":0,"11":0,"12":0,"13":0,"14":0,"15":0,"16":0,"17":0,"18":0,"19":0,"20":0,"21":0,"22":0,"23":0,"24":0,"25":0,"26":0,"27":0,"28":0,"29":0,"30":0,"31":0,"32":0,"33":0,"34":0,"35":0,"36":0,"37":0,"38":0,"39":0,"40":0,"41":0,"42":0,"43":0,"44":0,"45":0,"46":0,"47":0,"48":0,"49":0,"50":0,"51":0,"52":0,"53":0,"54":0,"55":0,"56":0,"57":0,"58":0,"59":0,"60":0,"61":0,"62":0,"63":0,"64":0,"65":0,"66":0,"67":0,"68":0,"69":0,"70":0,"71":0,"72":0,"73":0,"74":0,"75":0,"76":0,"77":0,"78":0,"79":0,"80":0,"81":0,"82":0,"83":0,"84":0,"85":0,"86":0,"87":0,"88":0,"89":0,"90":0,"91":0,"92":0,"93":0,"94":0,"95":0,"96":0,"97":0,"98":0,"99":0,"100":0,"101":0,"102":0,"103":0,"104":0,"105":0,"106":0,"107":0,"108":0,"109":0,"110":0,"111":0,"112":0,"113":0,"114":0,"115":0,"116":0,"117":0,"118":0,"119":0,"120":0,"121":0,"122":0,"123":0,"124":0,"125":0,"126":0,"127":0,"128":0,"129":0,"130":0,"131":0,"132":0,"133":0,"134":0,"135":0,"136":0,"137":0,"138":0,"139":0,"140":0,"141":0,"142":0,"143":0,"144":0,"145":0,"146":0,"147":0,"148":0,"149":0,"150":0,"151":0,"152":0,"153":0,"154":0,"155":0},"f":{"0":0},"b":{}}
,"C:\\Users\\jason\\WebstormProjects\\catographer\\app\\+html.tsx": {"path":"C:\\Users\\jason\\WebstormProjects\\catographer\\app\\+html.tsx","statementMap":{"0":{"start":{"line":8,"column":1},"end":{"line":37,"column":3}},"1":{"start":{"line":40,"column":29},"end":{"line":48,"column":2}}},"fnMap":{"0":{"name":"Root","decl":{"start":{"line":7,"column":24},"end":{"line":7,"column":28}},"loc":{"start":{"line":7,"column":61},"end":{"line":38,"column":1}},"line":7}},"branchMap":{},"s":{"0":0,"1":0},"f":{"0":0},"b":{}}
,"C:\\Users\\jason\\WebstormProjects\\catographer\\app\\+not-found.tsx": {"path":"C:\\Users\\jason\\WebstormProjects\\catographer\\app\\+not-found.tsx","statementMap":{"0":{"start":{"line":5,"column":1},"end":{"line":15,"column":3}}},"fnMap":{"0":{"name":"NotFoundScreen","decl":{"start":{"line":4,"column":24},"end":{"line":4,"column":38}},"loc":{"start":{"line":4,"column":41},"end":{"line":16,"column":1}},"line":4}},"branchMap":{},"s":{"0":0},"f":{"0":0},"b":{}}
,"C:\\Users\\jason\\WebstormProjects\\catographer\\app\\_layout.tsx": {"path":"C:\\Users\\jason\\WebstormProjects\\catographer\\app\\_layout.tsx","statementMap":{"0":{"start":{"line":12,"column":33},"end":{"line":14,"column":1}},"1":{"start":{"line":17,"column":0},"end":{"line":17,"column":36}},"2":{"start":{"line":20,"column":35},"end":{"line":23,"column":3}},"3":{"start":{"line":26,"column":1},"end":{"line":28,"column":31}},"4":{"start":{"line":27,"column":2},"end":{"line":27,"column":58}},"5":{"start":{"line":27,"column":33},"end":{"line":27,"column":58}},"6":{"start":{"line":30,"column":1},"end":{"line":30,"column":46}},"7":{"start":{"line":30,"column":34},"end":{"line":30,"column":46}},"8":{"start":{"line":32,"column":1},"end":{"line":57,"column":3}}},"fnMap":{"0":{"name":"RootLayout","decl":{"start":{"line":19,"column":24},"end":{"line":19,"column":34}},"loc":{"start":{"line":19,"column":37},"end":{"line":58,"column":1}},"line":19},"1":{"name":"(anonymous_1)","decl":{"start":{"line":26,"column":11},"end":{"line":26,"column":12}},"loc":{"start":{"line":26,"column":17},"end":{"line":28,"column":2}},"line":26}},"branchMap":{"0":{"loc":{"start":{"line":27,"column":2},"end":{"line":27,"column":58}},"type":"if","locations":[{"start":{"line":27,"column":2},"end":{"line":27,"column":58}},{"start":{},"end":{}}],"line":27},"1":{"loc":{"start":{"line":27,"column":6},"end":{"line":27,"column":31}},"type":"binary-expr","locations":[{"start":{"line":27,"column":6},"end":{"line":27,"column":17}},{"start":{"line":27,"column":21},"end":{"line":27,"column":31}}],"line":27},"2":{"loc":{"start":{"line":30,"column":1},"end":{"line":30,"column":46}},"type":"if","locations":[{"start":{"line":30,"column":1},"end":{"line":30,"column":46}},{"start":{},"end":{}}],"line":30},"3":{"loc":{"start":{"line":30,"column":5},"end":{"line":30,"column":32}},"type":"binary-expr","locations":[{"start":{"line":30,"column":5},"end":{"line":30,"column":17}},{"start":{"line":30,"column":21},"end":{"line":30,"column":32}}],"line":30},"4":{"loc":{"start":{"line":55,"column":4},"end":{"line":55,"column":59}},"type":"binary-expr","locations":[{"start":{"line":55,"column":4},"end":{"line":55,"column":42}},{"start":{"line":55,"column":46},"end":{"line":55,"column":59}}],"line":55}},"s":{"0":0,"1":0,"2":0,"3":0,"4":0,"5":0,"6":0,"7":0,"8":0},"f":{"0":0,"1":0},"b":{"0":[0,0],"1":[0,0],"2":[0,0],"3":[0,0],"4":[0,0]}}
,"C:\\Users\\jason\\WebstormProjects\\catographer\\app\\about.tsx": {"path":"C:\\Users\\jason\\WebstormProjects\\catographer\\app\\about.tsx","statementMap":{"0":{"start":{"line":4,"column":1},"end":{"line":4,"column":18}}},"fnMap":{"0":{"name":"AboutScreen","decl":{"start":{"line":3,"column":24},"end":{"line":3,"column":35}},"loc":{"start":{"line":3,"column":38},"end":{"line":5,"column":1}},"line":3}},"branchMap":{},"s":{"0":0},"f":{"0":0},"b":{}}
,"C:\\Users\\jason\\WebstormProjects\\catographer\\app\\(tabs)\\_layout.tsx": {"path":"C:\\Users\\jason\\WebstormProjects\\catographer\\app\\(tabs)\\_layout.tsx","statementMap":{"0":{"start":{"line":6,"column":17},"end":{"line":14,"column":1}},"1":{"start":{"line":7,"column":1},"end":{"line":13,"column":3}},"2":{"start":{"line":17,"column":1},"end":{"line":46,"column":3}},"3":{"start":{"line":24,"column":32},"end":{"line":24,"column":53}},"4":{"start":{"line":32,"column":32},"end":{"line":32,"column":56}},"5":{"start":{"line":40,"column":32},"end":{"line":40,"column":58}}},"fnMap":{"0":{"name":"(anonymous_0)","decl":{"start":{"line":6,"column":17},"end":{"line":6,"column":18}},"loc":{"start":{"line":6,"column":23},"end":{"line":14,"column":1}},"line":6},"1":{"name":"TabLayout","decl":{"start":{"line":16,"column":24},"end":{"line":16,"column":33}},"loc":{"start":{"line":16,"column":36},"end":{"line":47,"column":1}},"line":16},"2":{"name":"(anonymous_2)","decl":{"start":{"line":24,"column":17},"end":{"line":24,"column":18}},"loc":{"start":{"line":24,"column":32},"end":{"line":24,"column":53}},"line":24},"3":{"name":"(anonymous_3)","decl":{"start":{"line":32,"column":17},"end":{"line":32,"column":18}},"loc":{"start":{"line":32,"column":32},"end":{"line":32,"column":56}},"line":32},"4":{"name":"(anonymous_4)","decl":{"start":{"line":40,"column":17},"end":{"line":40,"column":18}},"loc":{"start":{"line":40,"column":32},"end":{"line":40,"column":58}},"line":40}},"branchMap":{},"s":{"0":0,"1":0,"2":0,"3":0,"4":0,"5":0},"f":{"0":0,"1":0,"2":0,"3":0,"4":0},"b":{}}
,"C:\\Users\\jason\\WebstormProjects\\catographer\\app\\(tabs)\\camera.tsx": {"path":"C:\\Users\\jason\\WebstormProjects\\catographer\\app\\(tabs)\\camera.tsx","statementMap":{"0":{"start":{"line":17,"column":15},"end":{"line":21,"column":2}},"1":{"start":{"line":24,"column":29},"end":{"line":24,"column":57}},"2":{"start":{"line":25,"column":27},"end":{"line":25,"column":53}},"3":{"start":{"line":27,"column":39},"end":{"line":27,"column":51}},"4":{"start":{"line":28,"column":27},"end":{"line":28,"column":39}},"5":{"start":{"line":30,"column":19},"end":{"line":30,"column":50}},"6":{"start":{"line":32,"column":53},"end":{"line":32,"column":75}},"7":{"start":{"line":33,"column":51},"end":{"line":33,"column":113}},"8":{"start":{"line":35,"column":15},"end":{"line":35,"column":35}},"9":{"start":{"line":38,"column":1},"end":{"line":41,"column":90}},"10":{"start":{"line":39,"column":2},"end":{"line":39,"column":65}},"11":{"start":{"line":39,"column":34},"end":{"line":39,"column":65}},"12":{"start":{"line":40,"column":2},"end":{"line":40,"column":63}},"13":{"start":{"line":40,"column":33},"end":{"line":40,"column":63}},"14":{"start":{"line":44,"column":21},"end":{"line":101,"column":17}},"15":{"start":{"line":45,"column":2},"end":{"line":45,"column":33}},"16":{"start":{"line":45,"column":26},"end":{"line":45,"column":33}},"17":{"start":{"line":46,"column":2},"end":{"line":100,"column":5}},"18":{"start":{"line":47,"column":3},"end":{"line":47,"column":22}},"19":{"start":{"line":47,"column":15},"end":{"line":47,"column":22}},"20":{"start":{"line":50,"column":17},"end":{"line":56,"column":5}},"21":{"start":{"line":51,"column":4},"end":{"line":54,"column":7}},"22":{"start":{"line":55,"column":4},"end":{"line":55,"column":11}},"23":{"start":{"line":57,"column":3},"end":{"line":57,"column":22}},"24":{"start":{"line":57,"column":15},"end":{"line":57,"column":22}},"25":{"start":{"line":60,"column":17},"end":{"line":65,"column":5}},"26":{"start":{"line":61,"column":4},"end":{"line":64,"column":7}},"27":{"start":{"line":68,"column":3},"end":{"line":82,"column":4}},"28":{"start":{"line":69,"column":4},"end":{"line":81,"column":8}},"29":{"start":{"line":71,"column":6},"end":{"line":74,"column":9}},"30":{"start":{"line":77,"column":6},"end":{"line":80,"column":9}},"31":{"start":{"line":85,"column":3},"end":{"line":99,"column":4}},"32":{"start":{"line":86,"column":4},"end":{"line":98,"column":8}},"33":{"start":{"line":88,"column":6},"end":{"line":91,"column":9}},"34":{"start":{"line":94,"column":6},"end":{"line":97,"column":9}},"35":{"start":{"line":103,"column":1},"end":{"line":160,"column":3}},"36":{"start":{"line":127,"column":23},"end":{"line":127,"column":86}},"37":{"start":{"line":127,"column":47},"end":{"line":127,"column":84}},"38":{"start":{"line":144,"column":23},"end":{"line":144,"column":79}},"39":{"start":{"line":144,"column":46},"end":{"line":144,"column":77}}},"fnMap":{"0":{"name":"CameraScreen","decl":{"start":{"line":23,"column":24},"end":{"line":23,"column":36}},"loc":{"start":{"line":23,"column":39},"end":{"line":161,"column":1}},"line":23},"1":{"name":"(anonymous_1)","decl":{"start":{"line":38,"column":11},"end":{"line":38,"column":12}},"loc":{"start":{"line":38,"column":17},"end":{"line":41,"column":2}},"line":38},"2":{"name":"(anonymous_2)","decl":{"start":{"line":44,"column":33},"end":{"line":44,"column":34}},"loc":{"start":{"line":44,"column":39},"end":{"line":101,"column":2}},"line":44},"3":{"name":"(anonymous_3)","decl":{"start":{"line":46,"column":44},"end":{"line":46,"column":45}},"loc":{"start":{"line":46,"column":61},"end":{"line":100,"column":3}},"line":46},"4":{"name":"(anonymous_4)","decl":{"start":{"line":50,"column":57},"end":{"line":50,"column":58}},"loc":{"start":{"line":50,"column":63},"end":{"line":56,"column":4}},"line":50},"5":{"name":"(anonymous_5)","decl":{"start":{"line":60,"column":61},"end":{"line":60,"column":62}},"loc":{"start":{"line":60,"column":67},"end":{"line":65,"column":4}},"line":60},"6":{"name":"(anonymous_6)","decl":{"start":{"line":70,"column":11},"end":{"line":70,"column":12}},"loc":{"start":{"line":70,"column":17},"end":{"line":75,"column":6}},"line":70},"7":{"name":"(anonymous_7)","decl":{"start":{"line":76,"column":12},"end":{"line":76,"column":13}},"loc":{"start":{"line":76,"column":18},"end":{"line":81,"column":6}},"line":76},"8":{"name":"(anonymous_8)","decl":{"start":{"line":87,"column":11},"end":{"line":87,"column":12}},"loc":{"start":{"line":87,"column":17},"end":{"line":92,"column":6}},"line":87},"9":{"name":"(anonymous_9)","decl":{"start":{"line":93,"column":12},"end":{"line":93,"column":13}},"loc":{"start":{"line":93,"column":18},"end":{"line":98,"column":6}},"line":93},"10":{"name":"(anonymous_10)","decl":{"start":{"line":127,"column":17},"end":{"line":127,"column":18}},"loc":{"start":{"line":127,"column":23},"end":{"line":127,"column":86}},"line":127},"11":{"name":"(anonymous_11)","decl":{"start":{"line":127,"column":33},"end":{"line":127,"column":34}},"loc":{"start":{"line":127,"column":47},"end":{"line":127,"column":84}},"line":127},"12":{"name":"(anonymous_12)","decl":{"start":{"line":144,"column":17},"end":{"line":144,"column":18}},"loc":{"start":{"line":144,"column":23},"end":{"line":144,"column":79}},"line":144},"13":{"name":"(anonymous_13)","decl":{"start":{"line":144,"column":32},"end":{"line":144,"column":33}},"loc":{"start":{"line":144,"column":46},"end":{"line":144,"column":77}},"line":144}},"branchMap":{"0":{"loc":{"start":{"line":39,"column":2},"end":{"line":39,"column":65}},"type":"if","locations":[{"start":{"line":39,"column":2},"end":{"line":39,"column":65}},{"start":{},"end":{}}],"line":39},"1":{"loc":{"start":{"line":40,"column":2},"end":{"line":40,"column":63}},"type":"if","locations":[{"start":{"line":40,"column":2},"end":{"line":40,"column":63}},{"start":{},"end":{}}],"line":40},"2":{"loc":{"start":{"line":45,"column":2},"end":{"line":45,"column":33}},"type":"if","locations":[{"start":{"line":45,"column":2},"end":{"line":45,"column":33}},{"start":{},"end":{}}],"line":45},"3":{"loc":{"start":{"line":47,"column":3},"end":{"line":47,"column":22}},"type":"if","locations":[{"start":{"line":47,"column":3},"end":{"line":47,"column":22}},{"start":{},"end":{}}],"line":47},"4":{"loc":{"start":{"line":57,"column":3},"end":{"line":57,"column":22}},"type":"if","locations":[{"start":{"line":57,"column":3},"end":{"line":57,"column":22}},{"start":{},"end":{}}],"line":57},"5":{"loc":{"start":{"line":68,"column":3},"end":{"line":82,"column":4}},"type":"if","locations":[{"start":{"line":68,"column":3},"end":{"line":82,"column":4}},{"start":{},"end":{}}],"line":68},"6":{"loc":{"start":{"line":85,"column":3},"end":{"line":99,"column":4}},"type":"if","locations":[{"start":{"line":85,"column":3},"end":{"line":99,"column":4}},{"start":{},"end":{}}],"line":85},"7":{"loc":{"start":{"line":113,"column":5},"end":{"line":157,"column":5}},"type":"binary-expr","locations":[{"start":{"line":113,"column":5},"end":{"line":113,"column":16}},{"start":{"line":113,"column":20},"end":{"line":113,"column":45}},{"start":{"line":114,"column":5},"end":{"line":156,"column":14}}],"line":113},"8":{"loc":{"start":{"line":122,"column":7},"end":{"line":129,"column":7}},"type":"binary-expr","locations":[{"start":{"line":122,"column":7},"end":{"line":122,"column":13}},{"start":{"line":123,"column":7},"end":{"line":128,"column":9}}],"line":122},"9":{"loc":{"start":{"line":127,"column":47},"end":{"line":127,"column":84}},"type":"cond-expr","locations":[{"start":{"line":127,"column":68},"end":{"line":127,"column":75}},{"start":{"line":127,"column":78},"end":{"line":127,"column":84}}],"line":127},"10":{"loc":{"start":{"line":136,"column":13},"end":{"line":136,"column":37}},"type":"cond-expr","locations":[{"start":{"line":136,"column":21},"end":{"line":136,"column":25}},{"start":{"line":136,"column":28},"end":{"line":136,"column":37}}],"line":136},"11":{"loc":{"start":{"line":139,"column":7},"end":{"line":146,"column":7}},"type":"binary-expr","locations":[{"start":{"line":139,"column":7},"end":{"line":139,"column":13}},{"start":{"line":140,"column":7},"end":{"line":145,"column":9}}],"line":139},"12":{"loc":{"start":{"line":143,"column":14},"end":{"line":143,"column":71}},"type":"cond-expr","locations":[{"start":{"line":143,"column":31},"end":{"line":143,"column":48}},{"start":{"line":143,"column":51},"end":{"line":143,"column":71}}],"line":143},"13":{"loc":{"start":{"line":144,"column":46},"end":{"line":144,"column":77}},"type":"cond-expr","locations":[{"start":{"line":144,"column":65},"end":{"line":144,"column":70}},{"start":{"line":144,"column":73},"end":{"line":144,"column":77}}],"line":144},"14":{"loc":{"start":{"line":148,"column":7},"end":{"line":155,"column":7}},"type":"binary-expr","locations":[{"start":{"line":148,"column":7},"end":{"line":148,"column":13}},{"start":{"line":149,"column":7},"end":{"line":154,"column":9}}],"line":148},"15":{"loc":{"start":{"line":152,"column":14},"end":{"line":152,"column":74}},"type":"cond-expr","locations":[{"start":{"line":152,"column":22},"end":{"line":152,"column":45}},{"start":{"line":152,"column":48},"end":{"line":152,"column":74}}],"line":152}},"s":{"0":0,"1":0,"2":0,"3":0,"4":0,"5":0,"6":0,"7":0,"8":0,"9":0,"10":0,"11":0,"12":0,"13":0,"14":0,"15":0,"16":0,"17":0,"18":0,"19":0,"20":0,"21":0,"22":0,"23":0,"24":0,"25":0,"26":0,"27":0,"28":0,"29":0,"30":0,"31":0,"32":0,"33":0,"34":0,"35":0,"36":0,"37":0,"38":0,"39":0},"f":{"0":0,"1":0,"2":0,"3":0,"4":0,"5":0,"6":0,"7":0,"8":0,"9":0,"10":0,"11":0,"12":0,"13":0},"b":{"0":[0,0],"1":[0,0],"2":[0,0],"3":[0,0],"4":[0,0],"5":[0,0],"6":[0,0],"7":[0,0,0],"8":[0,0],"9":[0,0],"10":[0,0],"11":[0,0],"12":[0,0],"13":[0,0],"14":[0,0],"15":[0,0]}}
,"C:\\Users\\jason\\WebstormProjects\\catographer\\app\\(tabs)\\index.tsx": {"path":"C:\\Users\\jason\\WebstormProjects\\catographer\\app\\(tabs)\\index.tsx","statementMap":{"0":{"start":{"line":12,"column":25},"end":{"line":12,"column":45}},"1":{"start":{"line":14,"column":12},"end":{"line":14,"column":25}},"2":{"start":{"line":16,"column":18},"end":{"line":29,"column":9}},"3":{"start":{"line":17,"column":2},"end":{"line":28,"column":7}},"4":{"start":{"line":18,"column":18},"end":{"line":22,"column":26}},"5":{"start":{"line":22,"column":19},"end":{"line":22,"column":25}},"6":{"start":{"line":23,"column":3},"end":{"line":23,"column":23}},"7":{"start":{"line":23,"column":16},"end":{"line":23,"column":23}},"8":{"start":{"line":25,"column":3},"end":{"line":27,"column":6}},"9":{"start":{"line":26,"column":4},"end":{"line":26,"column":29}},"10":{"start":{"line":31,"column":21},"end":{"line":36,"column":9}},"11":{"start":{"line":32,"column":2},"end":{"line":35,"column":7}},"12":{"start":{"line":33,"column":3},"end":{"line":33,"column":64}},"13":{"start":{"line":34,"column":3},"end":{"line":34,"column":15}},"14":{"start":{"line":38,"column":1},"end":{"line":43,"column":10}},"15":{"start":{"line":39,"column":2},"end":{"line":42,"column":7}},"16":{"start":{"line":40,"column":16},"end":{"line":40,"column":49}},"17":{"start":{"line":41,"column":3},"end":{"line":41,"column":17}},"18":{"start":{"line":45,"column":1},"end":{"line":61,"column":3}},"19":{"start":{"line":55,"column":5},"end":{"line":57,"column":12}}},"fnMap":{"0":{"name":"Cats","decl":{"start":{"line":11,"column":24},"end":{"line":11,"column":28}},"loc":{"start":{"line":11,"column":31},"end":{"line":62,"column":1}},"line":11},"1":{"name":"(anonymous_1)","decl":{"start":{"line":16,"column":30},"end":{"line":16,"column":31}},"loc":{"start":{"line":16,"column":36},"end":{"line":29,"column":2}},"line":16},"2":{"name":"(anonymous_2)","decl":{"start":{"line":17,"column":3},"end":{"line":17,"column":4}},"loc":{"start":{"line":17,"column":15},"end":{"line":28,"column":3}},"line":17},"3":{"name":"(anonymous_3)","decl":{"start":{"line":22,"column":10},"end":{"line":22,"column":11}},"loc":{"start":{"line":22,"column":19},"end":{"line":22,"column":25}},"line":22},"4":{"name":"(anonymous_4)","decl":{"start":{"line":25,"column":11},"end":{"line":25,"column":12}},"loc":{"start":{"line":25,"column":21},"end":{"line":27,"column":4}},"line":25},"5":{"name":"(anonymous_5)","decl":{"start":{"line":31,"column":33},"end":{"line":31,"column":34}},"loc":{"start":{"line":31,"column":39},"end":{"line":36,"column":2}},"line":31},"6":{"name":"(anonymous_6)","decl":{"start":{"line":32,"column":3},"end":{"line":32,"column":4}},"loc":{"start":{"line":32,"column":15},"end":{"line":35,"column":3}},"line":32},"7":{"name":"(anonymous_7)","decl":{"start":{"line":38,"column":11},"end":{"line":38,"column":12}},"loc":{"start":{"line":38,"column":17},"end":{"line":43,"column":2}},"line":38},"8":{"name":"(anonymous_8)","decl":{"start":{"line":39,"column":3},"end":{"line":39,"column":4}},"loc":{"start":{"line":39,"column":15},"end":{"line":42,"column":3}},"line":39},"9":{"name":"(anonymous_9)","decl":{"start":{"line":54,"column":15},"end":{"line":54,"column":16}},"loc":{"start":{"line":55,"column":5},"end":{"line":57,"column":12}},"line":55}},"branchMap":{"0":{"loc":{"start":{"line":23,"column":3},"end":{"line":23,"column":23}},"type":"if","locations":[{"start":{"line":23,"column":3},"end":{"line":23,"column":23}},{"start":{},"end":{}}],"line":23}},"s":{"0":0,"1":0,"2":0,"3":0,"4":0,"5":0,"6":0,"7":0,"8":0,"9":0,"10":0,"11":0,"12":0,"13":0,"14":0,"15":0,"16":0,"17":0,"18":0,"19":0},"f":{"0":0,"1":0,"2":0,"3":0,"4":0,"5":0,"6":0,"7":0,"8":0,"9":0},"b":{"0":[0,0]}}
,"C:\\Users\\jason\\WebstormProjects\\catographer\\app\\(tabs)\\index.web.tsx": {"path":"C:\\Users\\jason\\WebstormProjects\\catographer\\app\\(tabs)\\index.web.tsx","statementMap":{"0":{"start":{"line":4,"column":1},"end":{"line":8,"column":3}}},"fnMap":{"0":{"name":"Cats","decl":{"start":{"line":3,"column":24},"end":{"line":3,"column":28}},"loc":{"start":{"line":3,"column":31},"end":{"line":9,"column":1}},"line":3}},"branchMap":{},"s":{"0":0},"f":{"0":0},"b":{}}
,"C:\\Users\\jason\\WebstormProjects\\catographer\\app\\(tabs)\\settings.tsx": {"path":"C:\\Users\\jason\\WebstormProjects\\catographer\\app\\(tabs)\\settings.tsx","statementMap":{"0":{"start":{"line":4,"column":1},"end":{"line":4,"column":21}}},"fnMap":{"0":{"name":"SettingsScreen","decl":{"start":{"line":3,"column":24},"end":{"line":3,"column":38}},"loc":{"start":{"line":3,"column":41},"end":{"line":5,"column":1}},"line":3}},"branchMap":{},"s":{"0":0},"f":{"0":0},"b":{}}
,"C:\\Users\\jason\\WebstormProjects\\catographer\\components\\about-screen\\about.tsx": {"path":"C:\\Users\\jason\\WebstormProjects\\catographer\\components\\about-screen\\about.tsx","statementMap":{"0":{"start":{"line":5,"column":1},"end":{"line":11,"column":3}},"1":{"start":{"line":14,"column":15},"end":{"line":30,"column":2}}},"fnMap":{"0":{"name":"About","decl":{"start":{"line":4,"column":16},"end":{"line":4,"column":21}},"loc":{"start":{"line":4,"column":24},"end":{"line":12,"column":1}},"line":4}},"branchMap":{},"s":{"0":1,"1":1},"f":{"0":1},"b":{},"_coverageSchema":"1a1c01bbd47fc00a2c39e90264f33305004495a9","hash":"455f6ebb1596a35b814c265e6eb68ec700d0e7c2"}
,"C:\\Users\\jason\\WebstormProjects\\catographer\\components\\cats-screen\\add-cat.tsx": {"path":"C:\\Users\\jason\\WebstormProjects\\catographer\\components\\cats-screen\\add-cat.tsx","statementMap":{"0":{"start":{"line":11,"column":41},"end":{"line":11,"column":53}},"1":{"start":{"line":13,"column":18},"end":{"line":13,"column":28}},"2":{"start":{"line":14,"column":12},"end":{"line":14,"column":25}},"3":{"start":{"line":16,"column":14},"end":{"line":25,"column":3}},"4":{"start":{"line":22,"column":3},"end":{"line":22,"column":31}},"5":{"start":{"line":23,"column":3},"end":{"line":23,"column":47}},"6":{"start":{"line":27,"column":1},"end":{"line":130,"column":3}},"7":{"start":{"line":82,"column":8},"end":{"line":90,"column":10}},"8":{"start":{"line":101,"column":8},"end":{"line":111,"column":10}},"9":{"start":{"line":107,"column":33},"end":{"line":107,"column":65}}},"fnMap":{"0":{"name":"AddCat","decl":{"start":{"line":10,"column":16},"end":{"line":10,"column":22}},"loc":{"start":{"line":10,"column":25},"end":{"line":131,"column":1}},"line":10},"1":{"name":"(anonymous_1)","decl":{"start":{"line":21,"column":12},"end":{"line":21,"column":13}},"loc":{"start":{"line":21,"column":26},"end":{"line":24,"column":3}},"line":21},"2":{"name":"(anonymous_2)","decl":{"start":{"line":81,"column":8},"end":{"line":81,"column":9}},"loc":{"start":{"line":82,"column":8},"end":{"line":90,"column":10}},"line":82},"3":{"name":"(anonymous_3)","decl":{"start":{"line":100,"column":8},"end":{"line":100,"column":9}},"loc":{"start":{"line":101,"column":8},"end":{"line":111,"column":10}},"line":101},"4":{"name":"(anonymous_4)","decl":{"start":{"line":107,"column":23},"end":{"line":107,"column":24}},"loc":{"start":{"line":107,"column":33},"end":{"line":107,"column":65}},"line":107}},"branchMap":{"0":{"loc":{"start":{"line":36,"column":35},"end":{"line":36,"column":70}},"type":"cond-expr","locations":[{"start":{"line":36,"column":42},"end":{"line":36,"column":54}},{"start":{"line":36,"column":57},"end":{"line":36,"column":70}}],"line":36},"1":{"loc":{"start":{"line":69,"column":19},"end":{"line":69,"column":54}},"type":"cond-expr","locations":[{"start":{"line":69,"column":26},"end":{"line":69,"column":38}},{"start":{"line":69,"column":41},"end":{"line":69,"column":54}}],"line":69},"2":{"loc":{"start":{"line":110,"column":23},"end":{"line":110,"column":46}},"type":"binary-expr","locations":[{"start":{"line":110,"column":23},"end":{"line":110,"column":40}},{"start":{"line":110,"column":44},"end":{"line":110,"column":46}}],"line":110}},"s":{"0":0,"1":0,"2":0,"3":0,"4":0,"5":0,"6":0,"7":0,"8":0,"9":0},"f":{"0":0,"1":0,"2":0,"3":0,"4":0},"b":{"0":[0,0],"1":[0,0],"2":[0,0]}}
,"C:\\Users\\jason\\WebstormProjects\\catographer\\components\\settings-screen\\settings.tsx": {"path":"C:\\Users\\jason\\WebstormProjects\\catographer\\components\\settings-screen\\settings.tsx","statementMap":{"0":{"start":{"line":4,"column":1},"end":{"line":8,"column":3}},"1":{"start":{"line":11,"column":15},"end":{"line":20,"column":2}}},"fnMap":{"0":{"name":"Settings","decl":{"start":{"line":3,"column":16},"end":{"line":3,"column":24}},"loc":{"start":{"line":3,"column":27},"end":{"line":9,"column":1}},"line":3}},"branchMap":{},"s":{"0":1,"1":1},"f":{"0":1},"b":{},"_coverageSchema":"1a1c01bbd47fc00a2c39e90264f33305004495a9","hash":"f563020fd83e1ebe2480fd101d5feea8a04dffca"}
,"C:\\Users\\jason\\WebstormProjects\\catographer\\components\\shared\\keep-awake.tsx": {"path":"C:\\Users\\jason\\WebstormProjects\\catographer\\components\\shared\\keep-awake.tsx","statementMap":{"0":{"start":{"line":3,"column":25},"end":{"line":7,"column":1}},"1":{"start":{"line":4,"column":1},"end":{"line":4,"column":16}},"2":{"start":{"line":6,"column":1},"end":{"line":6,"column":13}}},"fnMap":{"0":{"name":"(anonymous_0)","decl":{"start":{"line":3,"column":25},"end":{"line":3,"column":26}},"loc":{"start":{"line":3,"column":31},"end":{"line":7,"column":1}},"line":3}},"branchMap":{},"s":{"0":0,"1":0,"2":0},"f":{"0":0},"b":{}}
,"C:\\Users\\jason\\WebstormProjects\\catographer\\components\\shared\\toaster.tsx": {"path":"C:\\Users\\jason\\WebstormProjects\\catographer\\components\\shared\\toaster.tsx","statementMap":{"0":{"start":{"line":7,"column":35},"end":{"line":7,"column":51}},"1":{"start":{"line":9,"column":22},"end":{"line":9,"column":37}},"2":{"start":{"line":10,"column":22},"end":{"line":10,"column":58}},"3":{"start":{"line":12,"column":1},"end":{"line":12,"column":66}},"4":{"start":{"line":12,"column":54},"end":{"line":12,"column":66}},"5":{"start":{"line":14,"column":1},"end":{"line":56,"column":3}}},"fnMap":{"0":{"name":"Toaster","decl":{"start":{"line":6,"column":16},"end":{"line":6,"column":23}},"loc":{"start":{"line":6,"column":26},"end":{"line":57,"column":1}},"line":6}},"branchMap":{"0":{"loc":{"start":{"line":12,"column":1},"end":{"line":12,"column":66}},"type":"if","locations":[{"start":{"line":12,"column":1},"end":{"line":12,"column":66}},{"start":{},"end":{}}],"line":12},"1":{"loc":{"start":{"line":12,"column":5},"end":{"line":12,"column":52}},"type":"binary-expr","locations":[{"start":{"line":12,"column":5},"end":{"line":12,"column":18}},{"start":{"line":12,"column":22},"end":{"line":12,"column":52}}],"line":12},"2":{"loc":{"start":{"line":18,"column":21},"end":{"line":18,"column":63}},"type":"cond-expr","locations":[{"start":{"line":18,"column":36},"end":{"line":18,"column":47}},{"start":{"line":18,"column":50},"end":{"line":18,"column":63}}],"line":18},"3":{"loc":{"start":{"line":27,"column":14},"end":{"line":27,"column":39}},"type":"cond-expr","locations":[{"start":{"line":27,"column":22},"end":{"line":27,"column":27}},{"start":{"line":27,"column":30},"end":{"line":27,"column":39}}],"line":27},"4":{"loc":{"start":{"line":38,"column":6},"end":{"line":42,"column":6}},"type":"binary-expr","locations":[{"start":{"line":38,"column":6},"end":{"line":38,"column":11}},{"start":{"line":38,"column":15},"end":{"line":38,"column":25}},{"start":{"line":39,"column":6},"end":{"line":41,"column":20}}],"line":38},"5":{"loc":{"start":{"line":45,"column":6},"end":{"line":47,"column":6}},"type":"binary-expr","locations":[{"start":{"line":45,"column":6},"end":{"line":45,"column":28}},{"start":{"line":46,"column":6},"end":{"line":46,"column":81}}],"line":45},"6":{"loc":{"start":{"line":51,"column":12},"end":{"line":51,"column":44}},"type":"cond-expr","locations":[{"start":{"line":51,"column":27},"end":{"line":51,"column":32}},{"start":{"line":51,"column":35},"end":{"line":51,"column":44}}],"line":51},"7":{"loc":{"start":{"line":53,"column":9},"end":{"line":53,"column":41}},"type":"cond-expr","locations":[{"start":{"line":53,"column":24},"end":{"line":53,"column":33}},{"start":{"line":53,"column":36},"end":{"line":53,"column":41}}],"line":53}},"s":{"0":0,"1":0,"2":0,"3":0,"4":0,"5":0},"f":{"0":0},"b":{"0":[0,0],"1":[0,0],"2":[0,0],"3":[0,0],"4":[0,0,0],"5":[0,0],"6":[0,0],"7":[0,0]}}
,"C:\\Users\\jason\\WebstormProjects\\catographer\\components\\shared\\cat-logo\\cat-logo.tsx": {"path":"C:\\Users\\jason\\WebstormProjects\\catographer\\components\\shared\\cat-logo\\cat-logo.tsx","statementMap":{"0":{"start":{"line":5,"column":18},"end":{"line":5,"column":72}},"1":{"start":{"line":6,"column":1},"end":{"line":13,"column":3}},"2":{"start":{"line":16,"column":15},"end":{"line":22,"column":2}}},"fnMap":{"0":{"name":"CatLogo","decl":{"start":{"line":4,"column":16},"end":{"line":4,"column":23}},"loc":{"start":{"line":4,"column":44},"end":{"line":14,"column":1}},"line":4}},"branchMap":{},"s":{"0":3,"1":3,"2":2},"f":{"0":3},"b":{},"_coverageSchema":"1a1c01bbd47fc00a2c39e90264f33305004495a9","hash":"6212719c054ca2e65a6b3c9a8df26af795c34a5b"}
,"C:\\Users\\jason\\WebstormProjects\\catographer\\components\\shared\\input\\form-input.tsx": {"path":"C:\\Users\\jason\\WebstormProjects\\catographer\\components\\shared\\input\\form-input.tsx","statementMap":{"0":{"start":{"line":30,"column":18},"end":{"line":30,"column":28}},"1":{"start":{"line":32,"column":1},"end":{"line":89,"column":3}}},"fnMap":{"0":{"name":"FormInput","decl":{"start":{"line":18,"column":16},"end":{"line":18,"column":25}},"loc":{"start":{"line":29,"column":19},"end":{"line":90,"column":1}},"line":29}},"branchMap":{"0":{"loc":{"start":{"line":19,"column":1},"end":{"line":19,"column":18}},"type":"default-arg","locations":[{"start":{"line":19,"column":16},"end":{"line":19,"column":18}}],"line":19},"1":{"loc":{"start":{"line":20,"column":1},"end":{"line":20,"column":21}},"type":"default-arg","locations":[{"start":{"line":20,"column":16},"end":{"line":20,"column":21}}],"line":20},"2":{"loc":{"start":{"line":21,"column":1},"end":{"line":21,"column":20}},"type":"default-arg","locations":[{"start":{"line":21,"column":13},"end":{"line":21,"column":20}}],"line":21},"3":{"loc":{"start":{"line":26,"column":1},"end":{"line":26,"column":12}},"type":"default-arg","locations":[{"start":{"line":26,"column":8},"end":{"line":26,"column":12}}],"line":26},"4":{"loc":{"start":{"line":42,"column":18},"end":{"line":42,"column":80}},"type":"cond-expr","locations":[{"start":{"line":42,"column":34},"end":{"line":42,"column":67}},{"start":{"line":42,"column":71},"end":{"line":42,"column":80}}],"line":42},"5":{"loc":{"start":{"line":42,"column":34},"end":{"line":42,"column":67}},"type":"cond-expr","locations":[{"start":{"line":42,"column":41},"end":{"line":42,"column":52}},{"start":{"line":42,"column":55},"end":{"line":42,"column":67}}],"line":42},"6":{"loc":{"start":{"line":44,"column":19},"end":{"line":44,"column":81}},"type":"cond-expr","locations":[{"start":{"line":44,"column":35},"end":{"line":44,"column":68}},{"start":{"line":44,"column":72},"end":{"line":44,"column":81}}],"line":44},"7":{"loc":{"start":{"line":44,"column":35},"end":{"line":44,"column":68}},"type":"cond-expr","locations":[{"start":{"line":44,"column":42},"end":{"line":44,"column":53}},{"start":{"line":44,"column":56},"end":{"line":44,"column":68}}],"line":44},"8":{"loc":{"start":{"line":60,"column":6},"end":{"line":85,"column":6}},"type":"binary-expr","locations":[{"start":{"line":60,"column":6},"end":{"line":60,"column":20}},{"start":{"line":61,"column":6},"end":{"line":84,"column":13}}],"line":60},"9":{"loc":{"start":{"line":79,"column":21},"end":{"line":79,"column":54}},"type":"cond-expr","locations":[{"start":{"line":79,"column":28},"end":{"line":79,"column":39}},{"start":{"line":79,"column":42},"end":{"line":79,"column":54}}],"line":79},"10":{"loc":{"start":{"line":81,"column":26},"end":{"line":81,"column":59}},"type":"cond-expr","locations":[{"start":{"line":81,"column":33},"end":{"line":81,"column":44}},{"start":{"line":81,"column":47},"end":{"line":81,"column":59}}],"line":81}},"s":{"0":0,"1":0},"f":{"0":0},"b":{"0":[0],"1":[0],"2":[0],"3":[0],"4":[0,0],"5":[0,0],"6":[0,0],"7":[0,0],"8":[0,0],"9":[0,0],"10":[0,0]}}
,"C:\\Users\\jason\\WebstormProjects\\catographer\\components\\shared\\input\\input-parts.tsx": {"path":"C:\\Users\\jason\\WebstormProjects\\catographer\\components\\shared\\input\\input-parts.tsx","statementMap":{"0":{"start":{"line":23,"column":29},"end":{"line":27,"column":10}},"1":{"start":{"line":29,"column":28},"end":{"line":33,"column":24}},"2":{"start":{"line":35,"column":39},"end":{"line":61,"column":10}},"3":{"start":{"line":63,"column":24},"end":{"line":93,"column":2}},"4":{"start":{"line":73,"column":4},"end":{"line":75,"column":5}},"5":{"start":{"line":74,"column":5},"end":{"line":74,"column":67}},"6":{"start":{"line":83,"column":4},"end":{"line":86,"column":6}},"7":{"start":{"line":95,"column":21},"end":{"line":99,"column":2}},"8":{"start":{"line":101,"column":23},"end":{"line":112,"column":2}},"9":{"start":{"line":102,"column":31},"end":{"line":102,"column":36}},"10":{"start":{"line":103,"column":31},"end":{"line":103,"column":43}},"11":{"start":{"line":105,"column":1},"end":{"line":111,"column":3}},"12":{"start":{"line":114,"column":64},"end":{"line":131,"column":1}},"13":{"start":{"line":116,"column":21},"end":{"line":116,"column":79}},"14":{"start":{"line":117,"column":27},"end":{"line":120,"column":3}},"15":{"start":{"line":121,"column":19},"end":{"line":121,"column":51}},"16":{"start":{"line":123,"column":1},"end":{"line":123,"column":57}},"17":{"start":{"line":123,"column":26},"end":{"line":123,"column":57}},"18":{"start":{"line":125,"column":1},"end":{"line":130,"column":3}},"19":{"start":{"line":133,"column":19},"end":{"line":136,"column":2}},"20":{"start":{"line":138,"column":18},"end":{"line":156,"column":2}},"21":{"start":{"line":139,"column":24},"end":{"line":139,"column":55}},"22":{"start":{"line":140,"column":18},"end":{"line":140,"column":49}},"23":{"start":{"line":141,"column":21},"end":{"line":141,"column":26}},"24":{"start":{"line":143,"column":1},"end":{"line":155,"column":3}},"25":{"start":{"line":146,"column":18},"end":{"line":146,"column":35}},"26":{"start":{"line":148,"column":5},"end":{"line":148,"column":22}},"27":{"start":{"line":158,"column":21},"end":{"line":162,"column":2}},"28":{"start":{"line":164,"column":15},"end":{"line":187,"column":2}},"29":{"start":{"line":171,"column":4},"end":{"line":177,"column":5}},"30":{"start":{"line":172,"column":5},"end":{"line":176,"column":7}},"31":{"start":{"line":178,"column":4},"end":{"line":183,"column":6}},"32":{"start":{"line":189,"column":30},"end":{"line":203,"column":2}},"33":{"start":{"line":196,"column":4},"end":{"line":199,"column":6}},"34":{"start":{"line":205,"column":20},"end":{"line":207,"column":1}},"35":{"start":{"line":206,"column":1},"end":{"line":206,"column":94}},"36":{"start":{"line":209,"column":18},"end":{"line":228,"column":2}},"37":{"start":{"line":213,"column":49},"end":{"line":213,"column":54}},"38":{"start":{"line":214,"column":22},"end":{"line":214,"column":53}},"39":{"start":{"line":215,"column":64},"end":{"line":215,"column":76}},"40":{"start":{"line":217,"column":15},"end":{"line":217,"column":25}},"41":{"start":{"line":218,"column":15},"end":{"line":218,"column":111}},"42":{"start":{"line":219,"column":18},"end":{"line":219,"column":64}},"43":{"start":{"line":221,"column":23},"end":{"line":221,"column":86}},"44":{"start":{"line":223,"column":1},"end":{"line":227,"column":3}},"45":{"start":{"line":230,"column":35},"end":{"line":252,"column":2}},"46":{"start":{"line":236,"column":36},"end":{"line":239,"column":4}},"47":{"start":{"line":242,"column":22},"end":{"line":242,"column":24}},"48":{"start":{"line":254,"column":26},"end":{"line":261,"column":2}},"49":{"start":{"line":263,"column":25},"end":{"line":288,"column":2}},"50":{"start":{"line":270,"column":4},"end":{"line":270,"column":22}},"51":{"start":{"line":270,"column":15},"end":{"line":270,"column":22}},"52":{"start":{"line":271,"column":21},"end":{"line":271,"column":45}},"53":{"start":{"line":272,"column":23},"end":{"line":272,"column":55}},"54":{"start":{"line":273,"column":23},"end":{"line":273,"column":38}},"55":{"start":{"line":274,"column":26},"end":{"line":274,"column":51}},"56":{"start":{"line":275,"column":26},"end":{"line":275,"column":47}},"57":{"start":{"line":276,"column":22},"end":{"line":276,"column":39}},"58":{"start":{"line":277,"column":4},"end":{"line":284,"column":6}},"59":{"start":{"line":290,"column":20},"end":{"line":304,"column":2}},"60":{"start":{"line":297,"column":24},"end":{"line":297,"column":65}},"61":{"start":{"line":298,"column":4},"end":{"line":300,"column":6}},"62":{"start":{"line":306,"column":21},"end":{"line":315,"column":2}}},"fnMap":{"0":{"name":"(anonymous_0)","decl":{"start":{"line":72,"column":15},"end":{"line":72,"column":16}},"loc":{"start":{"line":72,"column":35},"end":{"line":76,"column":4}},"line":72},"1":{"name":"(anonymous_1)","decl":{"start":{"line":82,"column":14},"end":{"line":82,"column":15}},"loc":{"start":{"line":82,"column":35},"end":{"line":87,"column":4}},"line":82},"2":{"name":"(anonymous_2)","decl":{"start":{"line":98,"column":13},"end":{"line":98,"column":14}},"loc":{"start":{"line":98,"column":31},"end":{"line":98,"column":33}},"line":98},"3":{"name":"(anonymous_3)","decl":{"start":{"line":101,"column":49},"end":{"line":101,"column":50}},"loc":{"start":{"line":101,"column":74},"end":{"line":112,"column":1}},"line":101},"4":{"name":"(anonymous_4)","decl":{"start":{"line":114,"column":64},"end":{"line":114,"column":65}},"loc":{"start":{"line":114,"column":91},"end":{"line":131,"column":1}},"line":114},"5":{"name":"(anonymous_5)","decl":{"start":{"line":138,"column":39},"end":{"line":138,"column":40}},"loc":{"start":{"line":138,"column":55},"end":{"line":156,"column":1}},"line":138},"6":{"name":"(anonymous_6)","decl":{"start":{"line":146,"column":12},"end":{"line":146,"column":13}},"loc":{"start":{"line":146,"column":18},"end":{"line":146,"column":35}},"line":146},"7":{"name":"(anonymous_7)","decl":{"start":{"line":147,"column":13},"end":{"line":147,"column":14}},"loc":{"start":{"line":147,"column":19},"end":{"line":149,"column":5}},"line":147},"8":{"name":"(anonymous_8)","decl":{"start":{"line":170,"column":14},"end":{"line":170,"column":15}},"loc":{"start":{"line":170,"column":45},"end":{"line":184,"column":4}},"line":170},"9":{"name":"(anonymous_9)","decl":{"start":{"line":195,"column":14},"end":{"line":195,"column":15}},"loc":{"start":{"line":195,"column":35},"end":{"line":200,"column":4}},"line":195},"10":{"name":"(anonymous_10)","decl":{"start":{"line":205,"column":20},"end":{"line":205,"column":21}},"loc":{"start":{"line":205,"column":61},"end":{"line":207,"column":1}},"line":205},"11":{"name":"(anonymous_11)","decl":{"start":{"line":212,"column":3},"end":{"line":212,"column":4}},"loc":{"start":{"line":212,"column":19},"end":{"line":228,"column":1}},"line":212},"12":{"name":"(anonymous_12)","decl":{"start":{"line":236,"column":14},"end":{"line":236,"column":15}},"loc":{"start":{"line":236,"column":36},"end":{"line":239,"column":4}},"line":236},"13":{"name":"(anonymous_13)","decl":{"start":{"line":242,"column":15},"end":{"line":242,"column":16}},"loc":{"start":{"line":242,"column":22},"end":{"line":242,"column":24}},"line":242},"14":{"name":"(anonymous_14)","decl":{"start":{"line":269,"column":18},"end":{"line":269,"column":19}},"loc":{"start":{"line":269,"column":37},"end":{"line":285,"column":4}},"line":269},"15":{"name":"(anonymous_15)","decl":{"start":{"line":295,"column":14},"end":{"line":295,"column":15}},"loc":{"start":{"line":295,"column":35},"end":{"line":301,"column":4}},"line":295}},"branchMap":{"0":{"loc":{"start":{"line":46,"column":5},"end":{"line":52,"column":4}},"type":"cond-expr","locations":[{"start":{"line":47,"column":4},"end":{"line":49,"column":4}},{"start":{"line":50,"column":4},"end":{"line":52,"column":4}}],"line":46},"1":{"loc":{"start":{"line":73,"column":4},"end":{"line":75,"column":5}},"type":"if","locations":[{"start":{"line":73,"column":4},"end":{"line":75,"column":5}},{"start":{},"end":{}}],"line":73},"2":{"loc":{"start":{"line":74,"column":12},"end":{"line":74,"column":66}},"type":"binary-expr","locations":[{"start":{"line":74,"column":12},"end":{"line":74,"column":28}},{"start":{"line":74,"column":32},"end":{"line":74,"column":66}}],"line":74},"3":{"loc":{"start":{"line":114,"column":65},"end":{"line":114,"column":78}},"type":"default-arg","locations":[{"start":{"line":114,"column":71},"end":{"line":114,"column":78}}],"line":114},"4":{"loc":{"start":{"line":116,"column":21},"end":{"line":116,"column":79}},"type":"binary-expr","locations":[{"start":{"line":116,"column":21},"end":{"line":116,"column":46}},{"start":{"line":116,"column":50},"end":{"line":116,"column":79}}],"line":116},"5":{"loc":{"start":{"line":123,"column":1},"end":{"line":123,"column":57}},"type":"if","locations":[{"start":{"line":123,"column":1},"end":{"line":123,"column":57}},{"start":{},"end":{}}],"line":123},"6":{"loc":{"start":{"line":123,"column":5},"end":{"line":123,"column":24}},"type":"binary-expr","locations":[{"start":{"line":123,"column":5},"end":{"line":123,"column":11}},{"start":{"line":123,"column":15},"end":{"line":123,"column":24}}],"line":123},"7":{"loc":{"start":{"line":127,"column":16},"end":{"line":127,"column":61}},"type":"cond-expr","locations":[{"start":{"line":127,"column":40},"end":{"line":127,"column":47}},{"start":{"line":127,"column":50},"end":{"line":127,"column":61}}],"line":127},"8":{"loc":{"start":{"line":170,"column":15},"end":{"line":170,"column":28}},"type":"default-arg","locations":[{"start":{"line":170,"column":21},"end":{"line":170,"column":28}}],"line":170},"9":{"loc":{"start":{"line":171,"column":4},"end":{"line":177,"column":5}},"type":"if","locations":[{"start":{"line":171,"column":4},"end":{"line":177,"column":5}},{"start":{},"end":{}}],"line":171},"10":{"loc":{"start":{"line":206,"column":9},"end":{"line":206,"column":84}},"type":"cond-expr","locations":[{"start":{"line":206,"column":36},"end":{"line":206,"column":46}},{"start":{"line":206,"column":49},"end":{"line":206,"column":84}}],"line":206},"11":{"loc":{"start":{"line":215,"column":9},"end":{"line":215,"column":23}},"type":"default-arg","locations":[{"start":{"line":215,"column":16},"end":{"line":215,"column":23}}],"line":215},"12":{"loc":{"start":{"line":215,"column":46},"end":{"line":215,"column":59}},"type":"default-arg","locations":[{"start":{"line":215,"column":58},"end":{"line":215,"column":59}}],"line":215},"13":{"loc":{"start":{"line":218,"column":27},"end":{"line":218,"column":110}},"type":"binary-expr","locations":[{"start":{"line":218,"column":27},"end":{"line":218,"column":39}},{"start":{"line":218,"column":43},"end":{"line":218,"column":81}},{"start":{"line":218,"column":85},"end":{"line":218,"column":110}}],"line":218},"14":{"loc":{"start":{"line":270,"column":4},"end":{"line":270,"column":22}},"type":"if","locations":[{"start":{"line":270,"column":4},"end":{"line":270,"column":22}},{"start":{},"end":{}}],"line":270},"15":{"loc":{"start":{"line":297,"column":24},"end":{"line":297,"column":65}},"type":"binary-expr","locations":[{"start":{"line":297,"column":24},"end":{"line":297,"column":42}},{"start":{"line":297,"column":46},"end":{"line":297,"column":65}}],"line":297}},"s":{"0":0,"1":0,"2":0,"3":0,"4":0,"5":0,"6":0,"7":0,"8":0,"9":0,"10":0,"11":0,"12":0,"13":0,"14":0,"15":0,"16":0,"17":0,"18":0,"19":0,"20":0,"21":0,"22":0,"23":0,"24":0,"25":0,"26":0,"27":0,"28":0,"29":0,"30":0,"31":0,"32":0,"33":0,"34":0,"35":0,"36":0,"37":0,"38":0,"39":0,"40":0,"41":0,"42":0,"43":0,"44":0,"45":0,"46":0,"47":0,"48":0,"49":0,"50":0,"51":0,"52":0,"53":0,"54":0,"55":0,"56":0,"57":0,"58":0,"59":0,"60":0,"61":0,"62":0},"f":{"0":0,"1":0,"2":0,"3":0,"4":0,"5":0,"6":0,"7":0,"8":0,"9":0,"10":0,"11":0,"12":0,"13":0,"14":0,"15":0},"b":{"0":[0,0],"1":[0,0],"2":[0,0],"3":[0],"4":[0,0],"5":[0,0],"6":[0,0],"7":[0,0],"8":[0],"9":[0,0],"10":[0,0],"11":[0],"12":[0],"13":[0,0,0],"14":[0,0],"15":[0,0]}}
,"C:\\Users\\jason\\WebstormProjects\\catographer\\constants\\albums.ts": {"path":"C:\\Users\\jason\\WebstormProjects\\catographer\\constants\\albums.ts","statementMap":{"0":{"start":{"line":1,"column":32},"end":{"line":1,"column":49}}},"fnMap":{},"branchMap":{},"s":{"0":0},"f":{},"b":{}}
,"C:\\Users\\jason\\WebstormProjects\\catographer\\constants\\colors.ts": {"path":"C:\\Users\\jason\\WebstormProjects\\catographer\\constants\\colors.ts","statementMap":{"0":{"start":{"line":1,"column":23},"end":{"line":1,"column":32}},"1":{"start":{"line":2,"column":22},"end":{"line":2,"column":28}}},"fnMap":{},"branchMap":{},"s":{"0":0,"1":0},"f":{},"b":{}}
,"C:\\Users\\jason\\WebstormProjects\\catographer\\constants\\database.ts": {"path":"C:\\Users\\jason\\WebstormProjects\\catographer\\constants\\database.ts","statementMap":{"0":{"start":{"line":1,"column":28},"end":{"line":1,"column":50}}},"fnMap":{},"branchMap":{},"s":{"0":0},"f":{},"b":{}}
,"C:\\Users\\jason\\WebstormProjects\\catographer\\constants\\test-ids.ts": {"path":"C:\\Users\\jason\\WebstormProjects\\catographer\\constants\\test-ids.ts","statementMap":{"0":{"start":{"line":1,"column":24},"end":{"line":3,"column":10}}},"fnMap":{},"branchMap":{},"s":{"0":2},"f":{},"b":{},"_coverageSchema":"1a1c01bbd47fc00a2c39e90264f33305004495a9","hash":"543e0b61fd8fc23abd23b9a2ca3edeaf253e337f"}
,"C:\\Users\\jason\\WebstormProjects\\catographer\\database\\migrations\\migrations.js": {"path":"C:\\Users\\jason\\WebstormProjects\\catographer\\database\\migrations\\migrations.js","statementMap":{},"fnMap":{},"branchMap":{},"s":{},"f":{},"b":{}}
,"C:\\Users\\jason\\WebstormProjects\\catographer\\database\\schemas\\cat-schema.ts": {"path":"C:\\Users\\jason\\WebstormProjects\\catographer\\database\\schemas\\cat-schema.ts","statementMap":{"0":{"start":{"line":5,"column":25},"end":{"line":9,"column":2}},"1":{"start":{"line":11,"column":31},"end":{"line":22,"column":2}},"2":{"start":{"line":24,"column":31},"end":{"line":26,"column":2}}},"fnMap":{},"branchMap":{},"s":{"0":0,"1":0,"2":0},"f":{},"b":{}}
,"C:\\Users\\jason\\WebstormProjects\\catographer\\hooks\\use-database.ts": {"path":"C:\\Users\\jason\\WebstormProjects\\catographer\\hooks\\use-database.ts","statementMap":{"0":{"start":{"line":4,"column":31},"end":{"line":4,"column":77}},"1":{"start":{"line":7,"column":17},"end":{"line":7,"column":44}},"2":{"start":{"line":8,"column":1},"end":{"line":8,"column":85}},"3":{"start":{"line":8,"column":15},"end":{"line":8,"column":85}},"4":{"start":{"line":9,"column":1},"end":{"line":9,"column":16}}},"fnMap":{"0":{"name":"useDatabase","decl":{"start":{"line":6,"column":16},"end":{"line":6,"column":27}},"loc":{"start":{"line":6,"column":30},"end":{"line":10,"column":1}},"line":6}},"branchMap":{"0":{"loc":{"start":{"line":8,"column":1},"end":{"line":8,"column":85}},"type":"if","locations":[{"start":{"line":8,"column":1},"end":{"line":8,"column":85}},{"start":{},"end":{}}],"line":8}},"s":{"0":0,"1":0,"2":0,"3":0,"4":0},"f":{"0":0},"b":{"0":[0,0]}}
,"C:\\Users\\jason\\WebstormProjects\\catographer\\hooks\\use-form.ts": {"path":"C:\\Users\\jason\\WebstormProjects\\catographer\\hooks\\use-form.ts","statementMap":{"0":{"start":{"line":11,"column":1},"end":{"line":14,"column":4}}},"fnMap":{"0":{"name":"useForm","decl":{"start":{"line":10,"column":16},"end":{"line":10,"column":23}},"loc":{"start":{"line":10,"column":86},"end":{"line":15,"column":1}},"line":10}},"branchMap":{},"s":{"0":0},"f":{"0":0},"b":{}}
,"C:\\Users\\jason\\WebstormProjects\\catographer\\hooks\\use-forward-focus.ts": {"path":"C:\\Users\\jason\\WebstormProjects\\catographer\\hooks\\use-forward-focus.ts","statementMap":{"0":{"start":{"line":8,"column":31},"end":{"line":22,"column":1}},"1":{"start":{"line":9,"column":31},"end":{"line":9,"column":48}},"2":{"start":{"line":11,"column":1},"end":{"line":15,"column":31}},"3":{"start":{"line":12,"column":2},"end":{"line":14,"column":3}},"4":{"start":{"line":13,"column":3},"end":{"line":13,"column":26}},"5":{"start":{"line":17,"column":1},"end":{"line":21,"column":3}}},"fnMap":{"0":{"name":"(anonymous_0)","decl":{"start":{"line":8,"column":31},"end":{"line":8,"column":32}},"loc":{"start":{"line":8,"column":70},"end":{"line":22,"column":1}},"line":8},"1":{"name":"(anonymous_1)","decl":{"start":{"line":11,"column":11},"end":{"line":11,"column":12}},"loc":{"start":{"line":11,"column":17},"end":{"line":15,"column":2}},"line":11}},"branchMap":{"0":{"loc":{"start":{"line":12,"column":2},"end":{"line":14,"column":3}},"type":"if","locations":[{"start":{"line":12,"column":2},"end":{"line":14,"column":3}},{"start":{},"end":{}}],"line":12},"1":{"loc":{"start":{"line":12,"column":6},"end":{"line":12,"column":31}},"type":"binary-expr","locations":[{"start":{"line":12,"column":6},"end":{"line":12,"column":13}},{"start":{"line":12,"column":17},"end":{"line":12,"column":31}}],"line":12}},"s":{"0":0,"1":0,"2":0,"3":0,"4":0,"5":0},"f":{"0":0,"1":0},"b":{"0":[0,0],"1":[0,0]}}
,"C:\\Users\\jason\\WebstormProjects\\catographer\\hooks\\use-boolean\\use-boolean.ts": {"path":"C:\\Users\\jason\\WebstormProjects\\catographer\\hooks\\use-boolean\\use-boolean.ts","statementMap":{"0":{"start":{"line":13,"column":38},"end":{"line":25,"column":1}},"1":{"start":{"line":14,"column":27},"end":{"line":14,"column":49}},"2":{"start":{"line":16,"column":1},"end":{"line":24,"column":3}},"3":{"start":{"line":19,"column":21},"end":{"line":19,"column":36}},"4":{"start":{"line":20,"column":14},"end":{"line":20,"column":29}},"5":{"start":{"line":21,"column":13},"end":{"line":21,"column":27}},"6":{"start":{"line":22,"column":17},"end":{"line":22,"column":42}},"7":{"start":{"line":22,"column":36},"end":{"line":22,"column":41}}},"fnMap":{"0":{"name":"(anonymous_0)","decl":{"start":{"line":13,"column":38},"end":{"line":13,"column":39}},"loc":{"start":{"line":13,"column":64},"end":{"line":25,"column":1}},"line":13},"1":{"name":"(anonymous_1)","decl":{"start":{"line":19,"column":10},"end":{"line":19,"column":11}},"loc":{"start":{"line":19,"column":21},"end":{"line":19,"column":36}},"line":19},"2":{"name":"(anonymous_2)","decl":{"start":{"line":20,"column":8},"end":{"line":20,"column":9}},"loc":{"start":{"line":20,"column":14},"end":{"line":20,"column":29}},"line":20},"3":{"name":"(anonymous_3)","decl":{"start":{"line":21,"column":7},"end":{"line":21,"column":8}},"loc":{"start":{"line":21,"column":13},"end":{"line":21,"column":27}},"line":21},"4":{"name":"(anonymous_4)","decl":{"start":{"line":22,"column":11},"end":{"line":22,"column":12}},"loc":{"start":{"line":22,"column":17},"end":{"line":22,"column":42}},"line":22},"5":{"name":"(anonymous_5)","decl":{"start":{"line":22,"column":26},"end":{"line":22,"column":27}},"loc":{"start":{"line":22,"column":36},"end":{"line":22,"column":41}},"line":22}},"branchMap":{"0":{"loc":{"start":{"line":13,"column":39},"end":{"line":13,"column":59}},"type":"default-arg","locations":[{"start":{"line":13,"column":54},"end":{"line":13,"column":59}}],"line":13}},"s":{"0":1,"1":18,"2":18,"3":2,"4":1,"5":1,"6":2,"7":2},"f":{"0":18,"1":2,"2":1,"3":1,"4":2,"5":2},"b":{"0":[5]},"_coverageSchema":"1a1c01bbd47fc00a2c39e90264f33305004495a9","hash":"75031b0d3f094b7c92a545a34f07a00117527ca0"}
,"C:\\Users\\jason\\WebstormProjects\\catographer\\providers\\app-provider.tsx": {"path":"C:\\Users\\jason\\WebstormProjects\\catographer\\providers\\app-provider.tsx","statementMap":{"0":{"start":{"line":10,"column":21},"end":{"line":10,"column":37}},"1":{"start":{"line":12,"column":22},"end":{"line":12,"column":95}},"2":{"start":{"line":12,"column":37},"end":{"line":12,"column":78}},"3":{"start":{"line":14,"column":1},"end":{"line":22,"column":3}}},"fnMap":{"0":{"name":"AppProvider","decl":{"start":{"line":9,"column":16},"end":{"line":9,"column":27}},"loc":{"start":{"line":9,"column":90},"end":{"line":23,"column":1}},"line":9},"1":{"name":"(anonymous_1)","decl":{"start":{"line":12,"column":30},"end":{"line":12,"column":31}},"loc":{"start":{"line":12,"column":37},"end":{"line":12,"column":78}},"line":12}},"branchMap":{"0":{"loc":{"start":{"line":12,"column":37},"end":{"line":12,"column":78}},"type":"cond-expr","locations":[{"start":{"line":12,"column":62},"end":{"line":12,"column":68}},{"start":{"line":12,"column":71},"end":{"line":12,"column":78}}],"line":12}},"s":{"0":0,"1":0,"2":0,"3":0},"f":{"0":0,"1":0},"b":{"0":[0,0]}}
,"C:\\Users\\jason\\WebstormProjects\\catographer\\providers\\database-provider.tsx": {"path":"C:\\Users\\jason\\WebstormProjects\\catographer\\providers\\database-provider.tsx","statementMap":{"0":{"start":{"line":9,"column":15},"end":{"line":9,"column":45}},"1":{"start":{"line":10,"column":11},"end":{"line":10,"column":26}},"2":{"start":{"line":13,"column":28},"end":{"line":13,"column":57}},"3":{"start":{"line":15,"column":1},"end":{"line":21,"column":2}},"4":{"start":{"line":16,"column":2},"end":{"line":20,"column":4}},"5":{"start":{"line":23,"column":1},"end":{"line":29,"column":2}},"6":{"start":{"line":24,"column":2},"end":{"line":28,"column":4}},"7":{"start":{"line":31,"column":1},"end":{"line":31,"column":83}}},"fnMap":{"0":{"name":"DatabaseProvider","decl":{"start":{"line":12,"column":24},"end":{"line":12,"column":40}},"loc":{"start":{"line":12,"column":73},"end":{"line":32,"column":1}},"line":12}},"branchMap":{"0":{"loc":{"start":{"line":15,"column":1},"end":{"line":21,"column":2}},"type":"if","locations":[{"start":{"line":15,"column":1},"end":{"line":21,"column":2}},{"start":{},"end":{}}],"line":15},"1":{"loc":{"start":{"line":23,"column":1},"end":{"line":29,"column":2}},"type":"if","locations":[{"start":{"line":23,"column":1},"end":{"line":29,"column":2}},{"start":{},"end":{}}],"line":23}},"s":{"0":0,"1":0,"2":0,"3":0,"4":0,"5":0,"6":0,"7":0},"f":{"0":0},"b":{"0":[0,0],"1":[0,0]}}
,"C:\\Users\\jason\\WebstormProjects\\catographer\\providers\\form-provider.tsx": {"path":"C:\\Users\\jason\\WebstormProjects\\catographer\\providers\\form-provider.tsx","statementMap":{"0":{"start":{"line":8,"column":1},"end":{"line":8,"column":36}}},"fnMap":{"0":{"name":"Form","decl":{"start":{"line":7,"column":16},"end":{"line":7,"column":20}},"loc":{"start":{"line":7,"column":72},"end":{"line":9,"column":1}},"line":7}},"branchMap":{},"s":{"0":0},"f":{"0":0},"b":{}}
,"C:\\Users\\jason\\WebstormProjects\\catographer\\providers\\theme-provider.tsx": {"path":"C:\\Users\\jason\\WebstormProjects\\catographer\\providers\\theme-provider.tsx","statementMap":{"0":{"start":{"line":6,"column":21},"end":{"line":6,"column":37}},"1":{"start":{"line":8,"column":15},"end":{"line":8,"column":96}},"2":{"start":{"line":8,"column":30},"end":{"line":8,"column":79}},"3":{"start":{"line":10,"column":1},"end":{"line":10,"column":54}}},"fnMap":{"0":{"name":"ThemeProvider","decl":{"start":{"line":5,"column":24},"end":{"line":5,"column":37}},"loc":{"start":{"line":5,"column":70},"end":{"line":11,"column":1}},"line":5},"1":{"name":"(anonymous_1)","decl":{"start":{"line":8,"column":23},"end":{"line":8,"column":24}},"loc":{"start":{"line":8,"column":30},"end":{"line":8,"column":79}},"line":8}},"branchMap":{"0":{"loc":{"start":{"line":8,"column":30},"end":{"line":8,"column":79}},"type":"cond-expr","locations":[{"start":{"line":8,"column":55},"end":{"line":8,"column":64}},{"start":{"line":8,"column":67},"end":{"line":8,"column":79}}],"line":8}},"s":{"0":0,"1":0,"2":0,"3":0},"f":{"0":0,"1":0},"b":{"0":[0,0]}}
,"C:\\Users\\jason\\WebstormProjects\\catographer\\providers\\toast-provider.tsx": {"path":"C:\\Users\\jason\\WebstormProjects\\catographer\\providers\\toast-provider.tsx","statementMap":{"0":{"start":{"line":5,"column":1},"end":{"line":20,"column":3}}},"fnMap":{"0":{"name":"ToastProvider","decl":{"start":{"line":4,"column":24},"end":{"line":4,"column":37}},"loc":{"start":{"line":4,"column":70},"end":{"line":21,"column":1}},"line":4}},"branchMap":{},"s":{"0":0},"f":{"0":0},"b":{}}
,"C:\\Users\\jason\\WebstormProjects\\catographer\\utils\\type-utils.ts": {"path":"C:\\Users\\jason\\WebstormProjects\\catographer\\utils\\type-utils.ts","statementMap":{},"fnMap":{},"branchMap":{},"s":{},"f":{},"b":{}}
}
