{"C:\\Users\\jason\\WebstormProjects\\catographer\\drizzle.config.ts": {"path":"C:\\Users\\jason\\WebstormProjects\\catographer\\drizzle.config.ts","statementMap":{},"fnMap":{},"branchMap":{},"s":{},"f":{},"b":{}}
,"C:\\Users\\jason\\WebstormProjects\\catographer\\metro.config.js": {"path":"C:\\Users\\jason\\WebstormProjects\\catographer\\metro.config.js","statementMap":{"0":{"start":{"line":5,"column":29},"end":{"line":5,"column":57}},"1":{"start":{"line":7,"column":15},"end":{"line":10,"column":2}},"2":{"start":{"line":12,"column":0},"end":{"line":12,"column":39}},"3":{"start":{"line":13,"column":0},"end":{"line":13,"column":39}},"4":{"start":{"line":15,"column":0},"end":{"line":15,"column":24}}},"fnMap":{},"branchMap":{},"s":{"0":0,"1":0,"2":0,"3":0,"4":0},"f":{},"b":{}}
,"C:\\Users\\jason\\WebstormProjects\\catographer\\app\\+html.tsx": {"path":"C:\\Users\\jason\\WebstormProjects\\catographer\\app\\+html.tsx","statementMap":{"0":{"start":{"line":8,"column":1},"end":{"line":37,"column":3}},"1":{"start":{"line":40,"column":29},"end":{"line":48,"column":2}}},"fnMap":{"0":{"name":"Root","decl":{"start":{"line":7,"column":24},"end":{"line":7,"column":28}},"loc":{"start":{"line":7,"column":61},"end":{"line":38,"column":1}},"line":7}},"branchMap":{},"s":{"0":0,"1":0},"f":{"0":0},"b":{}}
,"C:\\Users\\jason\\WebstormProjects\\catographer\\app\\+not-found.tsx": {"path":"C:\\Users\\jason\\WebstormProjects\\catographer\\app\\+not-found.tsx","statementMap":{"0":{"start":{"line":5,"column":1},"end":{"line":15,"column":3}},"1":{"start":{"line":18,"column":15},"end":{"line":29,"column":2}}},"fnMap":{"0":{"name":"NotFoundScreen","decl":{"start":{"line":4,"column":24},"end":{"line":4,"column":38}},"loc":{"start":{"line":4,"column":41},"end":{"line":16,"column":1}},"line":4}},"branchMap":{},"s":{"0":0,"1":0},"f":{"0":0},"b":{}}
,"C:\\Users\\jason\\WebstormProjects\\catographer\\app\\_layout.tsx": {"path":"C:\\Users\\jason\\WebstormProjects\\catographer\\app\\_layout.tsx","statementMap":{"0":{"start":{"line":9,"column":33},"end":{"line":11,"column":1}},"1":{"start":{"line":14,"column":0},"end":{"line":14,"column":36}},"2":{"start":{"line":17,"column":1},"end":{"line":42,"column":3}}},"fnMap":{"0":{"name":"RootLayout","decl":{"start":{"line":16,"column":24},"end":{"line":16,"column":34}},"loc":{"start":{"line":16,"column":37},"end":{"line":43,"column":1}},"line":16}},"branchMap":{"0":{"loc":{"start":{"line":40,"column":4},"end":{"line":40,"column":59}},"type":"binary-expr","locations":[{"start":{"line":40,"column":4},"end":{"line":40,"column":42}},{"start":{"line":40,"column":46},"end":{"line":40,"column":59}}],"line":40}},"s":{"0":0,"1":0,"2":0},"f":{"0":0},"b":{"0":[0,0]}}
,"C:\\Users\\jason\\WebstormProjects\\catographer\\app\\about.tsx": {"path":"C:\\Users\\jason\\WebstormProjects\\catographer\\app\\about.tsx","statementMap":{"0":{"start":{"line":4,"column":1},"end":{"line":4,"column":18}}},"fnMap":{"0":{"name":"AboutScreen","decl":{"start":{"line":3,"column":24},"end":{"line":3,"column":35}},"loc":{"start":{"line":3,"column":38},"end":{"line":5,"column":1}},"line":3}},"branchMap":{},"s":{"0":0},"f":{"0":0},"b":{}}
,"C:\\Users\\jason\\WebstormProjects\\catographer\\app\\(tabs)\\_layout.tsx": {"path":"C:\\Users\\jason\\WebstormProjects\\catographer\\app\\(tabs)\\_layout.tsx","statementMap":{"0":{"start":{"line":6,"column":17},"end":{"line":14,"column":1}},"1":{"start":{"line":7,"column":1},"end":{"line":13,"column":3}},"2":{"start":{"line":17,"column":1},"end":{"line":46,"column":3}},"3":{"start":{"line":24,"column":32},"end":{"line":24,"column":53}},"4":{"start":{"line":32,"column":32},"end":{"line":32,"column":56}},"5":{"start":{"line":40,"column":32},"end":{"line":40,"column":58}}},"fnMap":{"0":{"name":"(anonymous_0)","decl":{"start":{"line":6,"column":17},"end":{"line":6,"column":18}},"loc":{"start":{"line":6,"column":23},"end":{"line":14,"column":1}},"line":6},"1":{"name":"TabLayout","decl":{"start":{"line":16,"column":24},"end":{"line":16,"column":33}},"loc":{"start":{"line":16,"column":36},"end":{"line":47,"column":1}},"line":16},"2":{"name":"(anonymous_2)","decl":{"start":{"line":24,"column":17},"end":{"line":24,"column":18}},"loc":{"start":{"line":24,"column":32},"end":{"line":24,"column":53}},"line":24},"3":{"name":"(anonymous_3)","decl":{"start":{"line":32,"column":17},"end":{"line":32,"column":18}},"loc":{"start":{"line":32,"column":32},"end":{"line":32,"column":56}},"line":32},"4":{"name":"(anonymous_4)","decl":{"start":{"line":40,"column":17},"end":{"line":40,"column":18}},"loc":{"start":{"line":40,"column":32},"end":{"line":40,"column":58}},"line":40}},"branchMap":{},"s":{"0":0,"1":0,"2":0,"3":0,"4":0,"5":0},"f":{"0":0,"1":0,"2":0,"3":0,"4":0},"b":{}}
,"C:\\Users\\jason\\WebstormProjects\\catographer\\app\\(tabs)\\camera.tsx": {"path":"C:\\Users\\jason\\WebstormProjects\\catographer\\app\\(tabs)\\camera.tsx","statementMap":{"0":{"start":{"line":16,"column":15},"end":{"line":25,"column":2}},"1":{"start":{"line":28,"column":29},"end":{"line":28,"column":57}},"2":{"start":{"line":29,"column":27},"end":{"line":29,"column":53}},"3":{"start":{"line":31,"column":39},"end":{"line":31,"column":51}},"4":{"start":{"line":32,"column":27},"end":{"line":32,"column":39}},"5":{"start":{"line":34,"column":19},"end":{"line":34,"column":50}},"6":{"start":{"line":36,"column":53},"end":{"line":36,"column":75}},"7":{"start":{"line":37,"column":51},"end":{"line":37,"column":113}},"8":{"start":{"line":40,"column":1},"end":{"line":43,"column":90}},"9":{"start":{"line":41,"column":2},"end":{"line":41,"column":65}},"10":{"start":{"line":41,"column":34},"end":{"line":41,"column":65}},"11":{"start":{"line":42,"column":2},"end":{"line":42,"column":63}},"12":{"start":{"line":42,"column":33},"end":{"line":42,"column":63}},"13":{"start":{"line":46,"column":21},"end":{"line":103,"column":7}},"14":{"start":{"line":47,"column":2},"end":{"line":47,"column":33}},"15":{"start":{"line":47,"column":26},"end":{"line":47,"column":33}},"16":{"start":{"line":48,"column":2},"end":{"line":102,"column":5}},"17":{"start":{"line":49,"column":3},"end":{"line":49,"column":22}},"18":{"start":{"line":49,"column":15},"end":{"line":49,"column":22}},"19":{"start":{"line":52,"column":17},"end":{"line":58,"column":5}},"20":{"start":{"line":57,"column":4},"end":{"line":57,"column":11}},"21":{"start":{"line":59,"column":3},"end":{"line":59,"column":22}},"22":{"start":{"line":59,"column":15},"end":{"line":59,"column":22}},"23":{"start":{"line":62,"column":17},"end":{"line":67,"column":5}},"24":{"start":{"line":70,"column":3},"end":{"line":84,"column":4}},"25":{"start":{"line":71,"column":4},"end":{"line":83,"column":8}},"26":{"start":{"line":87,"column":3},"end":{"line":101,"column":4}},"27":{"start":{"line":88,"column":4},"end":{"line":100,"column":8}},"28":{"start":{"line":105,"column":1},"end":{"line":140,"column":3}},"29":{"start":{"line":118,"column":32},"end":{"line":118,"column":95}},"30":{"start":{"line":118,"column":56},"end":{"line":118,"column":93}},"31":{"start":{"line":128,"column":32},"end":{"line":128,"column":88}},"32":{"start":{"line":128,"column":55},"end":{"line":128,"column":86}}},"fnMap":{"0":{"name":"CameraScreen","decl":{"start":{"line":27,"column":24},"end":{"line":27,"column":36}},"loc":{"start":{"line":27,"column":39},"end":{"line":141,"column":1}},"line":27},"1":{"name":"(anonymous_1)","decl":{"start":{"line":40,"column":11},"end":{"line":40,"column":12}},"loc":{"start":{"line":40,"column":17},"end":{"line":43,"column":2}},"line":40},"2":{"name":"(anonymous_2)","decl":{"start":{"line":46,"column":33},"end":{"line":46,"column":34}},"loc":{"start":{"line":46,"column":39},"end":{"line":103,"column":2}},"line":46},"3":{"name":"(anonymous_3)","decl":{"start":{"line":48,"column":44},"end":{"line":48,"column":45}},"loc":{"start":{"line":48,"column":61},"end":{"line":102,"column":3}},"line":48},"4":{"name":"(anonymous_4)","decl":{"start":{"line":52,"column":57},"end":{"line":52,"column":58}},"loc":{"start":{"line":52,"column":63},"end":{"line":58,"column":4}},"line":52},"5":{"name":"(anonymous_5)","decl":{"start":{"line":62,"column":61},"end":{"line":62,"column":62}},"loc":{"start":{"line":62,"column":67},"end":{"line":67,"column":4}},"line":62},"6":{"name":"(anonymous_6)","decl":{"start":{"line":72,"column":11},"end":{"line":72,"column":12}},"loc":{"start":{"line":72,"column":17},"end":{"line":77,"column":6}},"line":72},"7":{"name":"(anonymous_7)","decl":{"start":{"line":78,"column":12},"end":{"line":78,"column":13}},"loc":{"start":{"line":78,"column":18},"end":{"line":83,"column":6}},"line":78},"8":{"name":"(anonymous_8)","decl":{"start":{"line":89,"column":11},"end":{"line":89,"column":12}},"loc":{"start":{"line":89,"column":17},"end":{"line":94,"column":6}},"line":89},"9":{"name":"(anonymous_9)","decl":{"start":{"line":95,"column":12},"end":{"line":95,"column":13}},"loc":{"start":{"line":95,"column":18},"end":{"line":100,"column":6}},"line":95},"10":{"name":"(anonymous_10)","decl":{"start":{"line":118,"column":26},"end":{"line":118,"column":27}},"loc":{"start":{"line":118,"column":32},"end":{"line":118,"column":95}},"line":118},"11":{"name":"(anonymous_11)","decl":{"start":{"line":118,"column":42},"end":{"line":118,"column":43}},"loc":{"start":{"line":118,"column":56},"end":{"line":118,"column":93}},"line":118},"12":{"name":"(anonymous_12)","decl":{"start":{"line":128,"column":26},"end":{"line":128,"column":27}},"loc":{"start":{"line":128,"column":32},"end":{"line":128,"column":88}},"line":128},"13":{"name":"(anonymous_13)","decl":{"start":{"line":128,"column":41},"end":{"line":128,"column":42}},"loc":{"start":{"line":128,"column":55},"end":{"line":128,"column":86}},"line":128}},"branchMap":{"0":{"loc":{"start":{"line":41,"column":2},"end":{"line":41,"column":65}},"type":"if","locations":[{"start":{"line":41,"column":2},"end":{"line":41,"column":65}},{"start":{},"end":{}}],"line":41},"1":{"loc":{"start":{"line":42,"column":2},"end":{"line":42,"column":63}},"type":"if","locations":[{"start":{"line":42,"column":2},"end":{"line":42,"column":63}},{"start":{},"end":{}}],"line":42},"2":{"loc":{"start":{"line":47,"column":2},"end":{"line":47,"column":33}},"type":"if","locations":[{"start":{"line":47,"column":2},"end":{"line":47,"column":33}},{"start":{},"end":{}}],"line":47},"3":{"loc":{"start":{"line":49,"column":3},"end":{"line":49,"column":22}},"type":"if","locations":[{"start":{"line":49,"column":3},"end":{"line":49,"column":22}},{"start":{},"end":{}}],"line":49},"4":{"loc":{"start":{"line":59,"column":3},"end":{"line":59,"column":22}},"type":"if","locations":[{"start":{"line":59,"column":3},"end":{"line":59,"column":22}},{"start":{},"end":{}}],"line":59},"5":{"loc":{"start":{"line":70,"column":3},"end":{"line":84,"column":4}},"type":"if","locations":[{"start":{"line":70,"column":3},"end":{"line":84,"column":4}},{"start":{},"end":{}}],"line":70},"6":{"loc":{"start":{"line":87,"column":3},"end":{"line":101,"column":4}},"type":"if","locations":[{"start":{"line":87,"column":3},"end":{"line":101,"column":4}},{"start":{},"end":{}}],"line":87},"7":{"loc":{"start":{"line":115,"column":5},"end":{"line":137,"column":5}},"type":"binary-expr","locations":[{"start":{"line":115,"column":5},"end":{"line":115,"column":16}},{"start":{"line":115,"column":20},"end":{"line":115,"column":45}},{"start":{"line":116,"column":5},"end":{"line":136,"column":14}}],"line":115},"8":{"loc":{"start":{"line":118,"column":56},"end":{"line":118,"column":93}},"type":"cond-expr","locations":[{"start":{"line":118,"column":77},"end":{"line":118,"column":84}},{"start":{"line":118,"column":87},"end":{"line":118,"column":93}}],"line":118},"9":{"loc":{"start":{"line":128,"column":55},"end":{"line":128,"column":86}},"type":"cond-expr","locations":[{"start":{"line":128,"column":74},"end":{"line":128,"column":79}},{"start":{"line":128,"column":82},"end":{"line":128,"column":86}}],"line":128},"10":{"loc":{"start":{"line":129,"column":8},"end":{"line":129,"column":65}},"type":"cond-expr","locations":[{"start":{"line":129,"column":25},"end":{"line":129,"column":42}},{"start":{"line":129,"column":45},"end":{"line":129,"column":65}}],"line":129},"11":{"loc":{"start":{"line":134,"column":8},"end":{"line":134,"column":68}},"type":"cond-expr","locations":[{"start":{"line":134,"column":16},"end":{"line":134,"column":39}},{"start":{"line":134,"column":42},"end":{"line":134,"column":68}}],"line":134}},"s":{"0":0,"1":0,"2":0,"3":0,"4":0,"5":0,"6":0,"7":0,"8":0,"9":0,"10":0,"11":0,"12":0,"13":0,"14":0,"15":0,"16":0,"17":0,"18":0,"19":0,"20":0,"21":0,"22":0,"23":0,"24":0,"25":0,"26":0,"27":0,"28":0,"29":0,"30":0,"31":0,"32":0},"f":{"0":0,"1":0,"2":0,"3":0,"4":0,"5":0,"6":0,"7":0,"8":0,"9":0,"10":0,"11":0,"12":0,"13":0},"b":{"0":[0,0],"1":[0,0],"2":[0,0],"3":[0,0],"4":[0,0],"5":[0,0],"6":[0,0],"7":[0,0,0],"8":[0,0],"9":[0,0],"10":[0,0],"11":[0,0]}}
,"C:\\Users\\jason\\WebstormProjects\\catographer\\app\\(tabs)\\index.tsx": {"path":"C:\\Users\\jason\\WebstormProjects\\catographer\\app\\(tabs)\\index.tsx","statementMap":{"0":{"start":{"line":6,"column":1},"end":{"line":11,"column":3}},"1":{"start":{"line":14,"column":15},"end":{"line":19,"column":2}}},"fnMap":{"0":{"name":"Cats","decl":{"start":{"line":5,"column":24},"end":{"line":5,"column":28}},"loc":{"start":{"line":5,"column":31},"end":{"line":12,"column":1}},"line":5}},"branchMap":{},"s":{"0":0,"1":0},"f":{"0":0},"b":{}}
,"C:\\Users\\jason\\WebstormProjects\\catographer\\app\\(tabs)\\settings.tsx": {"path":"C:\\Users\\jason\\WebstormProjects\\catographer\\app\\(tabs)\\settings.tsx","statementMap":{"0":{"start":{"line":4,"column":1},"end":{"line":4,"column":21}}},"fnMap":{"0":{"name":"SettingsScreen","decl":{"start":{"line":3,"column":24},"end":{"line":3,"column":38}},"loc":{"start":{"line":3,"column":41},"end":{"line":5,"column":1}},"line":3}},"branchMap":{},"s":{"0":0},"f":{"0":0},"b":{}}
,"C:\\Users\\jason\\WebstormProjects\\catographer\\components\\about-screen\\about.tsx": {"path":"C:\\Users\\jason\\WebstormProjects\\catographer\\components\\about-screen\\about.tsx","statementMap":{"0":{"start":{"line":5,"column":1},"end":{"line":11,"column":3}},"1":{"start":{"line":14,"column":15},"end":{"line":30,"column":2}}},"fnMap":{"0":{"name":"About","decl":{"start":{"line":4,"column":16},"end":{"line":4,"column":21}},"loc":{"start":{"line":4,"column":24},"end":{"line":12,"column":1}},"line":4}},"branchMap":{},"s":{"0":0,"1":0},"f":{"0":0},"b":{}}
,"C:\\Users\\jason\\WebstormProjects\\catographer\\components\\cats-screen\\add-cat.tsx": {"path":"C:\\Users\\jason\\WebstormProjects\\catographer\\components\\cats-screen\\add-cat.tsx","statementMap":{"0":{"start":{"line":3,"column":15},"end":{"line":13,"column":2}},"1":{"start":{"line":16,"column":1},"end":{"line":122,"column":3}}},"fnMap":{"0":{"name":"AddCat","decl":{"start":{"line":15,"column":16},"end":{"line":15,"column":22}},"loc":{"start":{"line":15,"column":25},"end":{"line":123,"column":1}},"line":15}},"branchMap":{},"s":{"0":0,"1":0},"f":{"0":0},"b":{}}
,"C:\\Users\\jason\\WebstormProjects\\catographer\\components\\cats-screen\\cat-list.tsx": {"path":"C:\\Users\\jason\\WebstormProjects\\catographer\\components\\cats-screen\\cat-list.tsx","statementMap":{"0":{"start":{"line":8,"column":25},"end":{"line":8,"column":49}},"1":{"start":{"line":10,"column":12},"end":{"line":10,"column":25}},"2":{"start":{"line":12,"column":1},"end":{"line":17,"column":10}},"3":{"start":{"line":13,"column":2},"end":{"line":16,"column":7}},"4":{"start":{"line":14,"column":16},"end":{"line":14,"column":49}},"5":{"start":{"line":15,"column":3},"end":{"line":15,"column":17}},"6":{"start":{"line":19,"column":1},"end":{"line":27,"column":3}},"7":{"start":{"line":22,"column":4},"end":{"line":24,"column":11}}},"fnMap":{"0":{"name":"CatList","decl":{"start":{"line":7,"column":16},"end":{"line":7,"column":23}},"loc":{"start":{"line":7,"column":26},"end":{"line":28,"column":1}},"line":7},"1":{"name":"(anonymous_1)","decl":{"start":{"line":12,"column":11},"end":{"line":12,"column":12}},"loc":{"start":{"line":12,"column":17},"end":{"line":17,"column":2}},"line":12},"2":{"name":"(anonymous_2)","decl":{"start":{"line":13,"column":3},"end":{"line":13,"column":4}},"loc":{"start":{"line":13,"column":15},"end":{"line":16,"column":3}},"line":13},"3":{"name":"(anonymous_3)","decl":{"start":{"line":21,"column":14},"end":{"line":21,"column":15}},"loc":{"start":{"line":22,"column":4},"end":{"line":24,"column":11}},"line":22}},"branchMap":{},"s":{"0":0,"1":0,"2":0,"3":0,"4":0,"5":0,"6":0,"7":0},"f":{"0":0,"1":0,"2":0,"3":0},"b":{}}
,"C:\\Users\\jason\\WebstormProjects\\catographer\\components\\settings-screen\\settings.tsx": {"path":"C:\\Users\\jason\\WebstormProjects\\catographer\\components\\settings-screen\\settings.tsx","statementMap":{"0":{"start":{"line":4,"column":1},"end":{"line":8,"column":3}},"1":{"start":{"line":11,"column":15},"end":{"line":21,"column":2}}},"fnMap":{"0":{"name":"Settings","decl":{"start":{"line":3,"column":16},"end":{"line":3,"column":24}},"loc":{"start":{"line":3,"column":27},"end":{"line":9,"column":1}},"line":3}},"branchMap":{},"s":{"0":0,"1":0},"f":{"0":0},"b":{}}
,"C:\\Users\\jason\\WebstormProjects\\catographer\\components\\shared\\keep-awake.tsx": {"path":"C:\\Users\\jason\\WebstormProjects\\catographer\\components\\shared\\keep-awake.tsx","statementMap":{"0":{"start":{"line":3,"column":25},"end":{"line":7,"column":1}},"1":{"start":{"line":4,"column":1},"end":{"line":4,"column":16}},"2":{"start":{"line":6,"column":1},"end":{"line":6,"column":13}}},"fnMap":{"0":{"name":"(anonymous_0)","decl":{"start":{"line":3,"column":25},"end":{"line":3,"column":26}},"loc":{"start":{"line":3,"column":31},"end":{"line":7,"column":1}},"line":3}},"branchMap":{},"s":{"0":0,"1":0,"2":0},"f":{"0":0},"b":{}}
,"C:\\Users\\jason\\WebstormProjects\\catographer\\components\\shared\\stack.tsx": {"path":"C:\\Users\\jason\\WebstormProjects\\catographer\\components\\shared\\stack.tsx","statementMap":{"0":{"start":{"line":4,"column":1},"end":{"line":8,"column":3}},"1":{"start":{"line":12,"column":1},"end":{"line":16,"column":3}}},"fnMap":{"0":{"name":"HStack","decl":{"start":{"line":3,"column":16},"end":{"line":3,"column":22}},"loc":{"start":{"line":3,"column":76},"end":{"line":9,"column":1}},"line":3},"1":{"name":"VStack","decl":{"start":{"line":11,"column":16},"end":{"line":11,"column":22}},"loc":{"start":{"line":11,"column":76},"end":{"line":17,"column":1}},"line":11}},"branchMap":{},"s":{"0":0,"1":0},"f":{"0":0,"1":0},"b":{}}
,"C:\\Users\\jason\\WebstormProjects\\catographer\\components\\shared\\cat-logo\\cat-logo.tsx": {"path":"C:\\Users\\jason\\WebstormProjects\\catographer\\components\\shared\\cat-logo\\cat-logo.tsx","statementMap":{"0":{"start":{"line":5,"column":18},"end":{"line":5,"column":72}},"1":{"start":{"line":6,"column":1},"end":{"line":13,"column":3}},"2":{"start":{"line":16,"column":15},"end":{"line":22,"column":2}}},"fnMap":{"0":{"name":"CatLogo","decl":{"start":{"line":4,"column":16},"end":{"line":4,"column":23}},"loc":{"start":{"line":4,"column":44},"end":{"line":14,"column":1}},"line":4}},"branchMap":{},"s":{"0":0,"1":0,"2":0},"f":{"0":0},"b":{}}
,"C:\\Users\\jason\\WebstormProjects\\catographer\\constants\\albums.ts": {"path":"C:\\Users\\jason\\WebstormProjects\\catographer\\constants\\albums.ts","statementMap":{"0":{"start":{"line":1,"column":32},"end":{"line":1,"column":49}}},"fnMap":{},"branchMap":{},"s":{"0":0},"f":{},"b":{}}
,"C:\\Users\\jason\\WebstormProjects\\catographer\\constants\\database.ts": {"path":"C:\\Users\\jason\\WebstormProjects\\catographer\\constants\\database.ts","statementMap":{"0":{"start":{"line":1,"column":28},"end":{"line":1,"column":50}}},"fnMap":{},"branchMap":{},"s":{"0":0},"f":{},"b":{}}
,"C:\\Users\\jason\\WebstormProjects\\catographer\\constants\\test-ids.ts": {"path":"C:\\Users\\jason\\WebstormProjects\\catographer\\constants\\test-ids.ts","statementMap":{"0":{"start":{"line":1,"column":24},"end":{"line":3,"column":10}}},"fnMap":{},"branchMap":{},"s":{"0":0},"f":{},"b":{}}
,"C:\\Users\\jason\\WebstormProjects\\catographer\\database\\migrations\\migrations.js": {"path":"C:\\Users\\jason\\WebstormProjects\\catographer\\database\\migrations\\migrations.js","statementMap":{},"fnMap":{},"branchMap":{},"s":{},"f":{},"b":{}}
,"C:\\Users\\jason\\WebstormProjects\\catographer\\database\\schemas\\create-cat.ts": {"path":"C:\\Users\\jason\\WebstormProjects\\catographer\\database\\schemas\\create-cat.ts","statementMap":{"0":{"start":{"line":5,"column":25},"end":{"line":9,"column":2}},"1":{"start":{"line":11,"column":31},"end":{"line":22,"column":2}},"2":{"start":{"line":24,"column":31},"end":{"line":26,"column":2}}},"fnMap":{},"branchMap":{},"s":{"0":0,"1":0,"2":0},"f":{},"b":{}}
,"C:\\Users\\jason\\WebstormProjects\\catographer\\hooks\\use-database.ts": {"path":"C:\\Users\\jason\\WebstormProjects\\catographer\\hooks\\use-database.ts","statementMap":{"0":{"start":{"line":4,"column":31},"end":{"line":4,"column":77}},"1":{"start":{"line":7,"column":17},"end":{"line":7,"column":44}},"2":{"start":{"line":8,"column":1},"end":{"line":8,"column":85}},"3":{"start":{"line":8,"column":15},"end":{"line":8,"column":85}},"4":{"start":{"line":9,"column":1},"end":{"line":9,"column":16}}},"fnMap":{"0":{"name":"useDatabase","decl":{"start":{"line":6,"column":16},"end":{"line":6,"column":27}},"loc":{"start":{"line":6,"column":30},"end":{"line":10,"column":1}},"line":6}},"branchMap":{"0":{"loc":{"start":{"line":8,"column":1},"end":{"line":8,"column":85}},"type":"if","locations":[{"start":{"line":8,"column":1},"end":{"line":8,"column":85}},{"start":{},"end":{}}],"line":8}},"s":{"0":0,"1":0,"2":0,"3":0,"4":0},"f":{"0":0},"b":{"0":[0,0]}}
,"C:\\Users\\jason\\WebstormProjects\\catographer\\hooks\\use-form.ts": {"path":"C:\\Users\\jason\\WebstormProjects\\catographer\\hooks\\use-form.ts","statementMap":{"0":{"start":{"line":11,"column":1},"end":{"line":14,"column":4}}},"fnMap":{"0":{"name":"useForm","decl":{"start":{"line":10,"column":16},"end":{"line":10,"column":23}},"loc":{"start":{"line":10,"column":86},"end":{"line":15,"column":1}},"line":10}},"branchMap":{},"s":{"0":0},"f":{"0":0},"b":{}}
,"C:\\Users\\jason\\WebstormProjects\\catographer\\hooks\\use-boolean\\use-boolean.ts": {"path":"C:\\Users\\jason\\WebstormProjects\\catographer\\hooks\\use-boolean\\use-boolean.ts","statementMap":{"0":{"start":{"line":13,"column":38},"end":{"line":25,"column":1}},"1":{"start":{"line":14,"column":27},"end":{"line":14,"column":49}},"2":{"start":{"line":16,"column":1},"end":{"line":24,"column":3}},"3":{"start":{"line":19,"column":21},"end":{"line":19,"column":36}},"4":{"start":{"line":20,"column":14},"end":{"line":20,"column":29}},"5":{"start":{"line":21,"column":13},"end":{"line":21,"column":27}},"6":{"start":{"line":22,"column":17},"end":{"line":22,"column":42}},"7":{"start":{"line":22,"column":36},"end":{"line":22,"column":41}}},"fnMap":{"0":{"name":"(anonymous_0)","decl":{"start":{"line":13,"column":38},"end":{"line":13,"column":39}},"loc":{"start":{"line":13,"column":64},"end":{"line":25,"column":1}},"line":13},"1":{"name":"(anonymous_1)","decl":{"start":{"line":19,"column":10},"end":{"line":19,"column":11}},"loc":{"start":{"line":19,"column":21},"end":{"line":19,"column":36}},"line":19},"2":{"name":"(anonymous_2)","decl":{"start":{"line":20,"column":8},"end":{"line":20,"column":9}},"loc":{"start":{"line":20,"column":14},"end":{"line":20,"column":29}},"line":20},"3":{"name":"(anonymous_3)","decl":{"start":{"line":21,"column":7},"end":{"line":21,"column":8}},"loc":{"start":{"line":21,"column":13},"end":{"line":21,"column":27}},"line":21},"4":{"name":"(anonymous_4)","decl":{"start":{"line":22,"column":11},"end":{"line":22,"column":12}},"loc":{"start":{"line":22,"column":17},"end":{"line":22,"column":42}},"line":22},"5":{"name":"(anonymous_5)","decl":{"start":{"line":22,"column":26},"end":{"line":22,"column":27}},"loc":{"start":{"line":22,"column":36},"end":{"line":22,"column":41}},"line":22}},"branchMap":{"0":{"loc":{"start":{"line":13,"column":39},"end":{"line":13,"column":59}},"type":"default-arg","locations":[{"start":{"line":13,"column":54},"end":{"line":13,"column":59}}],"line":13}},"s":{"0":1,"1":18,"2":18,"3":2,"4":1,"5":1,"6":2,"7":2},"f":{"0":18,"1":2,"2":1,"3":1,"4":2,"5":2},"b":{"0":[5]},"_coverageSchema":"1a1c01bbd47fc00a2c39e90264f33305004495a9","hash":"75031b0d3f094b7c92a545a34f07a00117527ca0"}
,"C:\\Users\\jason\\WebstormProjects\\catographer\\providers\\app-provider.tsx": {"path":"C:\\Users\\jason\\WebstormProjects\\catographer\\providers\\app-provider.tsx","statementMap":{"0":{"start":{"line":5,"column":1},"end":{"line":9,"column":3}}},"fnMap":{"0":{"name":"AppProvider","decl":{"start":{"line":4,"column":16},"end":{"line":4,"column":27}},"loc":{"start":{"line":4,"column":60},"end":{"line":10,"column":1}},"line":4}},"branchMap":{},"s":{"0":0},"f":{"0":0},"b":{}}
,"C:\\Users\\jason\\WebstormProjects\\catographer\\providers\\database-provider.tsx": {"path":"C:\\Users\\jason\\WebstormProjects\\catographer\\providers\\database-provider.tsx","statementMap":{"0":{"start":{"line":9,"column":15},"end":{"line":9,"column":45}},"1":{"start":{"line":10,"column":11},"end":{"line":10,"column":26}},"2":{"start":{"line":13,"column":28},"end":{"line":13,"column":57}},"3":{"start":{"line":15,"column":1},"end":{"line":21,"column":2}},"4":{"start":{"line":16,"column":2},"end":{"line":20,"column":4}},"5":{"start":{"line":23,"column":1},"end":{"line":29,"column":2}},"6":{"start":{"line":24,"column":2},"end":{"line":28,"column":4}},"7":{"start":{"line":31,"column":1},"end":{"line":31,"column":83}}},"fnMap":{"0":{"name":"DatabaseProvider","decl":{"start":{"line":12,"column":24},"end":{"line":12,"column":40}},"loc":{"start":{"line":12,"column":73},"end":{"line":32,"column":1}},"line":12}},"branchMap":{"0":{"loc":{"start":{"line":15,"column":1},"end":{"line":21,"column":2}},"type":"if","locations":[{"start":{"line":15,"column":1},"end":{"line":21,"column":2}},{"start":{},"end":{}}],"line":15},"1":{"loc":{"start":{"line":23,"column":1},"end":{"line":29,"column":2}},"type":"if","locations":[{"start":{"line":23,"column":1},"end":{"line":29,"column":2}},{"start":{},"end":{}}],"line":23}},"s":{"0":0,"1":0,"2":0,"3":0,"4":0,"5":0,"6":0,"7":0},"f":{"0":0},"b":{"0":[0,0],"1":[0,0]}}
,"C:\\Users\\jason\\WebstormProjects\\catographer\\providers\\theme-provider.tsx": {"path":"C:\\Users\\jason\\WebstormProjects\\catographer\\providers\\theme-provider.tsx","statementMap":{"0":{"start":{"line":6,"column":21},"end":{"line":6,"column":37}},"1":{"start":{"line":8,"column":15},"end":{"line":8,"column":96}},"2":{"start":{"line":8,"column":30},"end":{"line":8,"column":79}},"3":{"start":{"line":10,"column":1},"end":{"line":10,"column":54}}},"fnMap":{"0":{"name":"ThemeProvider","decl":{"start":{"line":5,"column":24},"end":{"line":5,"column":37}},"loc":{"start":{"line":5,"column":70},"end":{"line":11,"column":1}},"line":5},"1":{"name":"(anonymous_1)","decl":{"start":{"line":8,"column":23},"end":{"line":8,"column":24}},"loc":{"start":{"line":8,"column":30},"end":{"line":8,"column":79}},"line":8}},"branchMap":{"0":{"loc":{"start":{"line":8,"column":30},"end":{"line":8,"column":79}},"type":"cond-expr","locations":[{"start":{"line":8,"column":55},"end":{"line":8,"column":64}},{"start":{"line":8,"column":67},"end":{"line":8,"column":79}}],"line":8}},"s":{"0":0,"1":0,"2":0,"3":0},"f":{"0":0,"1":0},"b":{"0":[0,0]}}
,"C:\\Users\\jason\\WebstormProjects\\catographer\\utils\\type-utils.ts": {"path":"C:\\Users\\jason\\WebstormProjects\\catographer\\utils\\type-utils.ts","statementMap":{},"fnMap":{},"branchMap":{},"s":{},"f":{},"b":{}}
}
