TN:
SF:drizzle.config.ts
FNF:0
FNH:0
LF:0
LH:0
BRF:0
BRH:0
end_of_record
TN:
SF:metro.config.js
FNF:0
FNH:0
DA:5,0
DA:7,0
DA:13,0
DA:14,0
DA:20,0
DA:21,0
DA:23,0
LF:7
LH:0
BRF:0
BRH:0
end_of_record
TN:
SF:tamagui.config.ts
FNF:0
FNH:0
DA:5,0
LF:1
LH:0
BRF:0
BRH:0
end_of_record
TN:
SF:theme-builder.ts
FNF:0
FNH:0
DA:4,0
DA:102,0
DA:323,0
LF:3
LH:0
BRDA:337,0,0,0
BRDA:337,0,1,0
BRF:2
BRH:0
end_of_record
TN:
SF:theme-output.ts
FN:41,t
FNF:1
FNH:0
FNDA:0,t
DA:42,0
DA:43,0
DA:44,0
DA:46,0
DA:48,0
DA:124,0
DA:164,0
DA:204,0
DA:205,0
DA:245,0
DA:246,0
DA:286,0
DA:287,0
DA:327,0
DA:328,0
DA:335,0
DA:336,0
DA:343,0
DA:344,0
DA:355,0
DA:356,0
DA:357,0
DA:358,0
DA:359,0
DA:370,0
DA:371,0
DA:372,0
DA:373,0
DA:374,0
DA:375,0
DA:376,0
DA:377,0
DA:378,0
DA:379,0
DA:390,0
DA:391,0
DA:392,0
DA:393,0
DA:394,0
DA:395,0
DA:406,0
DA:407,0
DA:414,0
DA:415,0
DA:422,0
DA:423,0
DA:434,0
DA:435,0
DA:436,0
DA:437,0
DA:438,0
DA:449,0
DA:450,0
DA:451,0
DA:452,0
DA:453,0
DA:454,0
DA:455,0
DA:456,0
DA:457,0
DA:458,0
DA:469,0
DA:470,0
DA:471,0
DA:472,0
DA:473,0
DA:474,0
DA:485,0
DA:486,0
DA:493,0
DA:494,0
DA:501,0
DA:502,0
DA:513,0
DA:514,0
DA:515,0
DA:516,0
DA:517,0
DA:528,0
DA:529,0
DA:530,0
DA:531,0
DA:532,0
DA:533,0
DA:534,0
DA:535,0
DA:536,0
DA:537,0
DA:548,0
DA:549,0
DA:550,0
DA:551,0
DA:552,0
DA:553,0
DA:564,0
DA:565,0
DA:572,0
DA:573,0
DA:580,0
DA:581,0
DA:592,0
DA:593,0
DA:594,0
DA:595,0
DA:596,0
DA:607,0
DA:608,0
DA:609,0
DA:610,0
DA:611,0
DA:612,0
DA:613,0
DA:614,0
DA:615,0
DA:616,0
DA:627,0
DA:628,0
DA:629,0
DA:630,0
DA:631,0
DA:632,0
DA:643,0
DA:644,0
DA:659,0
DA:660,0
DA:661,0
DA:662,0
DA:663,0
DA:665,0
DA:666,0
DA:667,0
DA:668,0
DA:669,0
DA:670,0
DA:671,0
DA:686,0
DA:687,0
DA:688,0
DA:689,0
DA:690,0
DA:692,0
DA:693,0
DA:694,0
DA:695,0
DA:696,0
DA:697,0
DA:698,0
DA:713,0
DA:714,0
DA:715,0
DA:716,0
DA:717,0
DA:732,0
DA:733,0
DA:734,0
DA:735,0
LF:156
LH:0
BRF:0
BRH:0
end_of_record
TN:
SF:app\+html.tsx
FN:7,Root
FNF:1
FNH:0
FNDA:0,Root
DA:8,0
DA:40,0
LF:2
LH:0
BRF:0
BRH:0
end_of_record
TN:
SF:app\+not-found.tsx
FN:4,NotFoundScreen
FNF:1
FNH:0
FNDA:0,NotFoundScreen
DA:5,0
LF:1
LH:0
BRF:0
BRH:0
end_of_record
TN:
SF:app\_layout.tsx
FN:19,RootLayout
FN:26,(anonymous_1)
FNF:2
FNH:0
FNDA:0,RootLayout
FNDA:0,(anonymous_1)
DA:12,0
DA:17,0
DA:20,0
DA:26,0
DA:27,0
DA:30,0
DA:32,0
LF:7
LH:0
BRDA:27,0,0,0
BRDA:27,0,1,0
BRDA:27,1,0,0
BRDA:27,1,1,0
BRDA:30,2,0,0
BRDA:30,2,1,0
BRDA:30,3,0,0
BRDA:30,3,1,0
BRDA:55,4,0,0
BRDA:55,4,1,0
BRF:10
BRH:0
end_of_record
TN:
SF:app\about.tsx
FN:3,AboutScreen
FNF:1
FNH:0
FNDA:0,AboutScreen
DA:4,0
LF:1
LH:0
BRF:0
BRH:0
end_of_record
TN:
SF:app\(tabs)\_layout.tsx
FN:6,(anonymous_0)
FN:16,TabLayout
FN:24,(anonymous_2)
FN:32,(anonymous_3)
FN:40,(anonymous_4)
FNF:5
FNH:0
FNDA:0,(anonymous_0)
FNDA:0,TabLayout
FNDA:0,(anonymous_2)
FNDA:0,(anonymous_3)
FNDA:0,(anonymous_4)
DA:6,0
DA:7,0
DA:17,0
DA:24,0
DA:32,0
DA:40,0
LF:6
LH:0
BRF:0
BRH:0
end_of_record
TN:
SF:app\(tabs)\camera.tsx
FN:23,CameraScreen
FN:38,(anonymous_1)
FN:44,(anonymous_2)
FN:46,(anonymous_3)
FN:50,(anonymous_4)
FN:60,(anonymous_5)
FN:70,(anonymous_6)
FN:76,(anonymous_7)
FN:87,(anonymous_8)
FN:93,(anonymous_9)
FN:127,(anonymous_10)
FN:127,(anonymous_11)
FN:144,(anonymous_12)
FN:144,(anonymous_13)
FNF:14
FNH:0
FNDA:0,CameraScreen
FNDA:0,(anonymous_1)
FNDA:0,(anonymous_2)
FNDA:0,(anonymous_3)
FNDA:0,(anonymous_4)
FNDA:0,(anonymous_5)
FNDA:0,(anonymous_6)
FNDA:0,(anonymous_7)
FNDA:0,(anonymous_8)
FNDA:0,(anonymous_9)
FNDA:0,(anonymous_10)
FNDA:0,(anonymous_11)
FNDA:0,(anonymous_12)
FNDA:0,(anonymous_13)
DA:17,0
DA:24,0
DA:25,0
DA:27,0
DA:28,0
DA:30,0
DA:32,0
DA:33,0
DA:35,0
DA:38,0
DA:39,0
DA:40,0
DA:44,0
DA:45,0
DA:46,0
DA:47,0
DA:50,0
DA:51,0
DA:55,0
DA:57,0
DA:60,0
DA:61,0
DA:68,0
DA:69,0
DA:71,0
DA:77,0
DA:85,0
DA:86,0
DA:88,0
DA:94,0
DA:103,0
DA:127,0
DA:144,0
LF:33
LH:0
BRDA:39,0,0,0
BRDA:39,0,1,0
BRDA:40,1,0,0
BRDA:40,1,1,0
BRDA:45,2,0,0
BRDA:45,2,1,0
BRDA:47,3,0,0
BRDA:47,3,1,0
BRDA:57,4,0,0
BRDA:57,4,1,0
BRDA:68,5,0,0
BRDA:68,5,1,0
BRDA:85,6,0,0
BRDA:85,6,1,0
BRDA:113,7,0,0
BRDA:113,7,1,0
BRDA:113,7,2,0
BRDA:122,8,0,0
BRDA:122,8,1,0
BRDA:127,9,0,0
BRDA:127,9,1,0
BRDA:136,10,0,0
BRDA:136,10,1,0
BRDA:139,11,0,0
BRDA:139,11,1,0
BRDA:143,12,0,0
BRDA:143,12,1,0
BRDA:144,13,0,0
BRDA:144,13,1,0
BRDA:148,14,0,0
BRDA:148,14,1,0
BRDA:152,15,0,0
BRDA:152,15,1,0
BRF:33
BRH:0
end_of_record
TN:
SF:app\(tabs)\index.tsx
FN:11,Cats
FN:16,(anonymous_1)
FN:17,(anonymous_2)
FN:22,(anonymous_3)
FN:25,(anonymous_4)
FN:31,(anonymous_5)
FN:32,(anonymous_6)
FN:38,(anonymous_7)
FN:39,(anonymous_8)
FN:54,(anonymous_9)
FNF:10
FNH:0
FNDA:0,Cats
FNDA:0,(anonymous_1)
FNDA:0,(anonymous_2)
FNDA:0,(anonymous_3)
FNDA:0,(anonymous_4)
FNDA:0,(anonymous_5)
FNDA:0,(anonymous_6)
FNDA:0,(anonymous_7)
FNDA:0,(anonymous_8)
FNDA:0,(anonymous_9)
DA:12,0
DA:14,0
DA:16,0
DA:17,0
DA:18,0
DA:22,0
DA:23,0
DA:25,0
DA:26,0
DA:31,0
DA:32,0
DA:33,0
DA:34,0
DA:38,0
DA:39,0
DA:40,0
DA:41,0
DA:45,0
DA:55,0
LF:19
LH:0
BRDA:23,0,0,0
BRDA:23,0,1,0
BRF:2
BRH:0
end_of_record
TN:
SF:app\(tabs)\index.web.tsx
FN:3,Cats
FNF:1
FNH:0
FNDA:0,Cats
DA:4,0
LF:1
LH:0
BRF:0
BRH:0
end_of_record
TN:
SF:app\(tabs)\settings.tsx
FN:3,SettingsScreen
FNF:1
FNH:0
FNDA:0,SettingsScreen
DA:4,0
LF:1
LH:0
BRF:0
BRH:0
end_of_record
TN:
SF:components\about-screen\about.tsx
FN:4,About
FNF:1
FNH:1
FNDA:1,About
DA:5,1
DA:14,1
LF:2
LH:2
BRF:0
BRH:0
end_of_record
TN:
SF:components\cats-screen\add-cat.tsx
FN:10,AddCat
FN:21,(anonymous_1)
FN:81,(anonymous_2)
FN:100,(anonymous_3)
FN:107,(anonymous_4)
FNF:5
FNH:0
FNDA:0,AddCat
FNDA:0,(anonymous_1)
FNDA:0,(anonymous_2)
FNDA:0,(anonymous_3)
FNDA:0,(anonymous_4)
DA:11,0
DA:13,0
DA:14,0
DA:16,0
DA:22,0
DA:23,0
DA:27,0
DA:82,0
DA:101,0
DA:107,0
LF:10
LH:0
BRDA:36,0,0,0
BRDA:36,0,1,0
BRDA:69,1,0,0
BRDA:69,1,1,0
BRDA:110,2,0,0
BRDA:110,2,1,0
BRF:6
BRH:0
end_of_record
TN:
SF:components\settings-screen\settings.tsx
FN:3,Settings
FNF:1
FNH:1
FNDA:1,Settings
DA:4,1
DA:11,1
LF:2
LH:2
BRF:0
BRH:0
end_of_record
TN:
SF:components\shared\keep-awake.tsx
FN:3,(anonymous_0)
FNF:1
FNH:0
FNDA:0,(anonymous_0)
DA:3,0
DA:4,0
DA:6,0
LF:3
LH:0
BRF:0
BRH:0
end_of_record
TN:
SF:components\shared\toaster.tsx
FN:6,Toaster
FNF:1
FNH:0
FNDA:0,Toaster
DA:7,0
DA:9,0
DA:10,0
DA:12,0
DA:14,0
LF:5
LH:0
BRDA:12,0,0,0
BRDA:12,0,1,0
BRDA:12,1,0,0
BRDA:12,1,1,0
BRDA:18,2,0,0
BRDA:18,2,1,0
BRDA:27,3,0,0
BRDA:27,3,1,0
BRDA:38,4,0,0
BRDA:38,4,1,0
BRDA:38,4,2,0
BRDA:45,5,0,0
BRDA:45,5,1,0
BRDA:51,6,0,0
BRDA:51,6,1,0
BRDA:53,7,0,0
BRDA:53,7,1,0
BRF:17
BRH:0
end_of_record
TN:
SF:components\shared\cat-logo\cat-logo.tsx
FN:4,CatLogo
FNF:1
FNH:1
FNDA:3,CatLogo
DA:5,3
DA:6,3
DA:16,2
LF:3
LH:3
BRF:0
BRH:0
end_of_record
TN:
SF:components\shared\input\form-input.tsx
FN:18,FormInput
FNF:1
FNH:0
FNDA:0,FormInput
DA:30,0
DA:32,0
LF:2
LH:0
BRDA:19,0,0,0
BRDA:20,1,0,0
BRDA:21,2,0,0
BRDA:26,3,0,0
BRDA:42,4,0,0
BRDA:42,4,1,0
BRDA:42,5,0,0
BRDA:42,5,1,0
BRDA:44,6,0,0
BRDA:44,6,1,0
BRDA:44,7,0,0
BRDA:44,7,1,0
BRDA:60,8,0,0
BRDA:60,8,1,0
BRDA:79,9,0,0
BRDA:79,9,1,0
BRDA:81,10,0,0
BRDA:81,10,1,0
BRF:18
BRH:0
end_of_record
TN:
SF:components\shared\input\input-parts.tsx
FN:72,(anonymous_0)
FN:82,(anonymous_1)
FN:98,(anonymous_2)
FN:101,(anonymous_3)
FN:114,(anonymous_4)
FN:138,(anonymous_5)
FN:146,(anonymous_6)
FN:147,(anonymous_7)
FN:170,(anonymous_8)
FN:195,(anonymous_9)
FN:205,(anonymous_10)
FN:212,(anonymous_11)
FN:236,(anonymous_12)
FN:242,(anonymous_13)
FN:269,(anonymous_14)
FN:295,(anonymous_15)
FNF:16
FNH:0
FNDA:0,(anonymous_0)
FNDA:0,(anonymous_1)
FNDA:0,(anonymous_2)
FNDA:0,(anonymous_3)
FNDA:0,(anonymous_4)
FNDA:0,(anonymous_5)
FNDA:0,(anonymous_6)
FNDA:0,(anonymous_7)
FNDA:0,(anonymous_8)
FNDA:0,(anonymous_9)
FNDA:0,(anonymous_10)
FNDA:0,(anonymous_11)
FNDA:0,(anonymous_12)
FNDA:0,(anonymous_13)
FNDA:0,(anonymous_14)
FNDA:0,(anonymous_15)
DA:23,0
DA:29,0
DA:35,0
DA:63,0
DA:73,0
DA:74,0
DA:83,0
DA:95,0
DA:101,0
DA:102,0
DA:103,0
DA:105,0
DA:114,0
DA:116,0
DA:117,0
DA:121,0
DA:123,0
DA:125,0
DA:133,0
DA:138,0
DA:139,0
DA:140,0
DA:141,0
DA:143,0
DA:146,0
DA:148,0
DA:158,0
DA:164,0
DA:171,0
DA:172,0
DA:178,0
DA:189,0
DA:196,0
DA:205,0
DA:206,0
DA:209,0
DA:213,0
DA:214,0
DA:215,0
DA:217,0
DA:218,0
DA:219,0
DA:221,0
DA:223,0
DA:230,0
DA:236,0
DA:242,0
DA:254,0
DA:263,0
DA:270,0
DA:271,0
DA:272,0
DA:273,0
DA:274,0
DA:275,0
DA:276,0
DA:277,0
DA:290,0
DA:297,0
DA:298,0
DA:306,0
LF:61
LH:0
BRDA:46,0,0,0
BRDA:46,0,1,0
BRDA:73,1,0,0
BRDA:73,1,1,0
BRDA:74,2,0,0
BRDA:74,2,1,0
BRDA:114,3,0,0
BRDA:116,4,0,0
BRDA:116,4,1,0
BRDA:123,5,0,0
BRDA:123,5,1,0
BRDA:123,6,0,0
BRDA:123,6,1,0
BRDA:127,7,0,0
BRDA:127,7,1,0
BRDA:170,8,0,0
BRDA:171,9,0,0
BRDA:171,9,1,0
BRDA:206,10,0,0
BRDA:206,10,1,0
BRDA:215,11,0,0
BRDA:215,12,0,0
BRDA:218,13,0,0
BRDA:218,13,1,0
BRDA:218,13,2,0
BRDA:270,14,0,0
BRDA:270,14,1,0
BRDA:297,15,0,0
BRDA:297,15,1,0
BRF:29
BRH:0
end_of_record
TN:
SF:constants\albums.ts
FNF:0
FNH:0
DA:1,0
LF:1
LH:0
BRF:0
BRH:0
end_of_record
TN:
SF:constants\colors.ts
FNF:0
FNH:0
DA:1,0
DA:2,0
LF:2
LH:0
BRF:0
BRH:0
end_of_record
TN:
SF:constants\database.ts
FNF:0
FNH:0
DA:1,0
LF:1
LH:0
BRF:0
BRH:0
end_of_record
TN:
SF:constants\test-ids.ts
FNF:0
FNH:0
DA:1,2
LF:1
LH:1
BRF:0
BRH:0
end_of_record
TN:
SF:database\migrations\migrations.js
FNF:0
FNH:0
LF:0
LH:0
BRF:0
BRH:0
end_of_record
TN:
SF:database\schemas\cat-schema.ts
FNF:0
FNH:0
DA:5,0
DA:11,0
DA:24,0
LF:3
LH:0
BRF:0
BRH:0
end_of_record
TN:
SF:hooks\use-database.ts
FN:6,useDatabase
FNF:1
FNH:0
FNDA:0,useDatabase
DA:4,0
DA:7,0
DA:8,0
DA:9,0
LF:4
LH:0
BRDA:8,0,0,0
BRDA:8,0,1,0
BRF:2
BRH:0
end_of_record
TN:
SF:hooks\use-form.ts
FN:10,useForm
FNF:1
FNH:0
FNDA:0,useForm
DA:11,0
LF:1
LH:0
BRF:0
BRH:0
end_of_record
TN:
SF:hooks\use-forward-focus.ts
FN:8,(anonymous_0)
FN:11,(anonymous_1)
FNF:2
FNH:0
FNDA:0,(anonymous_0)
FNDA:0,(anonymous_1)
DA:8,0
DA:9,0
DA:11,0
DA:12,0
DA:13,0
DA:17,0
LF:6
LH:0
BRDA:12,0,0,0
BRDA:12,0,1,0
BRDA:12,1,0,0
BRDA:12,1,1,0
BRF:4
BRH:0
end_of_record
TN:
SF:hooks\use-boolean\use-boolean.ts
FN:13,(anonymous_0)
FN:19,(anonymous_1)
FN:20,(anonymous_2)
FN:21,(anonymous_3)
FN:22,(anonymous_4)
FN:22,(anonymous_5)
FNF:6
FNH:6
FNDA:18,(anonymous_0)
FNDA:2,(anonymous_1)
FNDA:1,(anonymous_2)
FNDA:1,(anonymous_3)
FNDA:2,(anonymous_4)
FNDA:2,(anonymous_5)
DA:13,1
DA:14,18
DA:16,18
DA:19,2
DA:20,1
DA:21,1
DA:22,2
LF:7
LH:7
BRDA:13,0,0,5
BRF:1
BRH:1
end_of_record
TN:
SF:providers\app-provider.tsx
FN:9,AppProvider
FN:12,(anonymous_1)
FNF:2
FNH:0
FNDA:0,AppProvider
FNDA:0,(anonymous_1)
DA:10,0
DA:12,0
DA:14,0
LF:3
LH:0
BRDA:12,0,0,0
BRDA:12,0,1,0
BRF:2
BRH:0
end_of_record
TN:
SF:providers\database-provider.tsx
FN:12,DatabaseProvider
FNF:1
FNH:0
FNDA:0,DatabaseProvider
DA:9,0
DA:10,0
DA:13,0
DA:15,0
DA:16,0
DA:23,0
DA:24,0
DA:31,0
LF:8
LH:0
BRDA:15,0,0,0
BRDA:15,0,1,0
BRDA:23,1,0,0
BRDA:23,1,1,0
BRF:4
BRH:0
end_of_record
TN:
SF:providers\form-provider.tsx
FN:7,Form
FNF:1
FNH:0
FNDA:0,Form
DA:8,0
LF:1
LH:0
BRF:0
BRH:0
end_of_record
TN:
SF:providers\theme-provider.tsx
FN:5,ThemeProvider
FN:8,(anonymous_1)
FNF:2
FNH:0
FNDA:0,ThemeProvider
FNDA:0,(anonymous_1)
DA:6,0
DA:8,0
DA:10,0
LF:3
LH:0
BRDA:8,0,0,0
BRDA:8,0,1,0
BRF:2
BRH:0
end_of_record
TN:
SF:providers\toast-provider.tsx
FN:4,ToastProvider
FNF:1
FNH:0
FNDA:0,ToastProvider
DA:5,0
LF:1
LH:0
BRF:0
BRH:0
end_of_record
TN:
SF:utils\type-utils.ts
FNF:0
FNH:0
LF:0
LH:0
BRF:0
BRH:0
end_of_record
