TN:
SF:drizzle.config.ts
FNF:0
FNH:0
LF:0
LH:0
BRF:0
BRH:0
end_of_record
TN:
SF:metro.config.js
FNF:0
FNH:0
DA:5,0
DA:7,0
DA:12,0
DA:13,0
DA:15,0
LF:5
LH:0
BRF:0
BRH:0
end_of_record
TN:
SF:app\+html.tsx
FN:7,Root
FNF:1
FNH:0
FNDA:0,Root
DA:8,0
DA:40,0
LF:2
LH:0
BRF:0
BRH:0
end_of_record
TN:
SF:app\+not-found.tsx
FN:4,NotFoundScreen
FNF:1
FNH:0
FNDA:0,NotFoundScreen
DA:5,0
DA:18,0
LF:2
LH:0
BRF:0
BRH:0
end_of_record
TN:
SF:app\_layout.tsx
FN:16,RootLayout
FNF:1
FNH:0
FNDA:0,RootLayout
DA:9,0
DA:14,0
DA:17,0
LF:3
LH:0
BRDA:40,0,0,0
BRDA:40,0,1,0
BRF:2
BRH:0
end_of_record
TN:
SF:app\about.tsx
FN:3,AboutScreen
FNF:1
FNH:0
FNDA:0,AboutScreen
DA:4,0
LF:1
LH:0
BRF:0
BRH:0
end_of_record
TN:
SF:app\(tabs)\_layout.tsx
FN:6,(anonymous_0)
FN:16,TabLayout
FN:24,(anonymous_2)
FN:32,(anonymous_3)
FN:40,(anonymous_4)
FNF:5
FNH:0
FNDA:0,(anonymous_0)
FNDA:0,TabLayout
FNDA:0,(anonymous_2)
FNDA:0,(anonymous_3)
FNDA:0,(anonymous_4)
DA:6,0
DA:7,0
DA:17,0
DA:24,0
DA:32,0
DA:40,0
LF:6
LH:0
BRF:0
BRH:0
end_of_record
TN:
SF:app\(tabs)\camera.tsx
FN:27,CameraScreen
FN:40,(anonymous_1)
FN:46,(anonymous_2)
FN:48,(anonymous_3)
FN:52,(anonymous_4)
FN:62,(anonymous_5)
FN:72,(anonymous_6)
FN:78,(anonymous_7)
FN:89,(anonymous_8)
FN:95,(anonymous_9)
FN:118,(anonymous_10)
FN:118,(anonymous_11)
FN:128,(anonymous_12)
FN:128,(anonymous_13)
FNF:14
FNH:0
FNDA:0,CameraScreen
FNDA:0,(anonymous_1)
FNDA:0,(anonymous_2)
FNDA:0,(anonymous_3)
FNDA:0,(anonymous_4)
FNDA:0,(anonymous_5)
FNDA:0,(anonymous_6)
FNDA:0,(anonymous_7)
FNDA:0,(anonymous_8)
FNDA:0,(anonymous_9)
FNDA:0,(anonymous_10)
FNDA:0,(anonymous_11)
FNDA:0,(anonymous_12)
FNDA:0,(anonymous_13)
DA:16,0
DA:28,0
DA:29,0
DA:31,0
DA:32,0
DA:34,0
DA:36,0
DA:37,0
DA:40,0
DA:41,0
DA:42,0
DA:46,0
DA:47,0
DA:48,0
DA:49,0
DA:52,0
DA:57,0
DA:59,0
DA:62,0
DA:70,0
DA:71,0
DA:87,0
DA:88,0
DA:105,0
DA:118,0
DA:128,0
LF:26
LH:0
BRDA:41,0,0,0
BRDA:41,0,1,0
BRDA:42,1,0,0
BRDA:42,1,1,0
BRDA:47,2,0,0
BRDA:47,2,1,0
BRDA:49,3,0,0
BRDA:49,3,1,0
BRDA:59,4,0,0
BRDA:59,4,1,0
BRDA:70,5,0,0
BRDA:70,5,1,0
BRDA:87,6,0,0
BRDA:87,6,1,0
BRDA:115,7,0,0
BRDA:115,7,1,0
BRDA:115,7,2,0
BRDA:118,8,0,0
BRDA:118,8,1,0
BRDA:128,9,0,0
BRDA:128,9,1,0
BRDA:129,10,0,0
BRDA:129,10,1,0
BRDA:134,11,0,0
BRDA:134,11,1,0
BRF:25
BRH:0
end_of_record
TN:
SF:app\(tabs)\index.tsx
FN:5,Cats
FNF:1
FNH:0
FNDA:0,Cats
DA:6,0
DA:14,0
LF:2
LH:0
BRF:0
BRH:0
end_of_record
TN:
SF:app\(tabs)\settings.tsx
FN:3,SettingsScreen
FNF:1
FNH:0
FNDA:0,SettingsScreen
DA:4,0
LF:1
LH:0
BRF:0
BRH:0
end_of_record
TN:
SF:components\about-screen\about.tsx
FN:4,About
FNF:1
FNH:0
FNDA:0,About
DA:5,0
DA:14,0
LF:2
LH:0
BRF:0
BRH:0
end_of_record
TN:
SF:components\cats-screen\add-cat.tsx
FN:15,AddCat
FNF:1
FNH:0
FNDA:0,AddCat
DA:3,0
DA:16,0
LF:2
LH:0
BRF:0
BRH:0
end_of_record
TN:
SF:components\cats-screen\cat-list.tsx
FN:7,CatList
FN:12,(anonymous_1)
FN:13,(anonymous_2)
FN:21,(anonymous_3)
FNF:4
FNH:0
FNDA:0,CatList
FNDA:0,(anonymous_1)
FNDA:0,(anonymous_2)
FNDA:0,(anonymous_3)
DA:8,0
DA:10,0
DA:12,0
DA:13,0
DA:14,0
DA:15,0
DA:19,0
DA:22,0
LF:8
LH:0
BRF:0
BRH:0
end_of_record
TN:
SF:components\settings-screen\settings.tsx
FN:3,Settings
FNF:1
FNH:0
FNDA:0,Settings
DA:4,0
DA:11,0
LF:2
LH:0
BRF:0
BRH:0
end_of_record
TN:
SF:components\shared\keep-awake.tsx
FN:3,(anonymous_0)
FNF:1
FNH:0
FNDA:0,(anonymous_0)
DA:3,0
DA:4,0
DA:6,0
LF:3
LH:0
BRF:0
BRH:0
end_of_record
TN:
SF:components\shared\stack.tsx
FN:3,HStack
FN:11,VStack
FNF:2
FNH:0
FNDA:0,HStack
FNDA:0,VStack
DA:4,0
DA:12,0
LF:2
LH:0
BRF:0
BRH:0
end_of_record
TN:
SF:components\shared\cat-logo\cat-logo.tsx
FN:4,CatLogo
FNF:1
FNH:0
FNDA:0,CatLogo
DA:5,0
DA:6,0
DA:16,0
LF:3
LH:0
BRF:0
BRH:0
end_of_record
TN:
SF:constants\albums.ts
FNF:0
FNH:0
DA:1,0
LF:1
LH:0
BRF:0
BRH:0
end_of_record
TN:
SF:constants\database.ts
FNF:0
FNH:0
DA:1,0
LF:1
LH:0
BRF:0
BRH:0
end_of_record
TN:
SF:constants\test-ids.ts
FNF:0
FNH:0
DA:1,0
LF:1
LH:0
BRF:0
BRH:0
end_of_record
TN:
SF:database\migrations\migrations.js
FNF:0
FNH:0
LF:0
LH:0
BRF:0
BRH:0
end_of_record
TN:
SF:database\schemas\cat.ts
FNF:0
FNH:0
DA:5,0
DA:11,0
DA:24,0
LF:3
LH:0
BRF:0
BRH:0
end_of_record
TN:
SF:hooks\use-database.ts
FN:6,useDatabase
FNF:1
FNH:0
FNDA:0,useDatabase
DA:4,0
DA:7,0
DA:8,0
DA:9,0
LF:4
LH:0
BRDA:8,0,0,0
BRDA:8,0,1,0
BRF:2
BRH:0
end_of_record
TN:
SF:hooks\use-form.ts
FN:10,useForm
FNF:1
FNH:0
FNDA:0,useForm
DA:11,0
LF:1
LH:0
BRF:0
BRH:0
end_of_record
TN:
SF:hooks\use-boolean\use-boolean.ts
FN:13,(anonymous_0)
FN:19,(anonymous_1)
FN:20,(anonymous_2)
FN:21,(anonymous_3)
FN:22,(anonymous_4)
FN:22,(anonymous_5)
FNF:6
FNH:6
FNDA:18,(anonymous_0)
FNDA:2,(anonymous_1)
FNDA:1,(anonymous_2)
FNDA:1,(anonymous_3)
FNDA:2,(anonymous_4)
FNDA:2,(anonymous_5)
DA:13,1
DA:14,18
DA:16,18
DA:19,2
DA:20,1
DA:21,1
DA:22,2
LF:7
LH:7
BRDA:13,0,0,5
BRF:1
BRH:1
end_of_record
TN:
SF:providers\app-provider.tsx
FN:4,AppProvider
FNF:1
FNH:0
FNDA:0,AppProvider
DA:5,0
LF:1
LH:0
BRF:0
BRH:0
end_of_record
TN:
SF:providers\database-provider.tsx
FN:12,DatabaseProvider
FNF:1
FNH:0
FNDA:0,DatabaseProvider
DA:9,0
DA:10,0
DA:13,0
DA:15,0
DA:16,0
DA:23,0
DA:24,0
DA:31,0
LF:8
LH:0
BRDA:15,0,0,0
BRDA:15,0,1,0
BRDA:23,1,0,0
BRDA:23,1,1,0
BRF:4
BRH:0
end_of_record
TN:
SF:providers\theme-provider.tsx
FN:5,ThemeProvider
FN:8,(anonymous_1)
FNF:2
FNH:0
FNDA:0,ThemeProvider
FNDA:0,(anonymous_1)
DA:6,0
DA:8,0
DA:10,0
LF:3
LH:0
BRDA:8,0,0,0
BRDA:8,0,1,0
BRF:2
BRH:0
end_of_record
TN:
SF:utils\type-utils.ts
FNF:0
FNH:0
LF:0
LH:0
BRF:0
BRH:0
end_of_record
